mode = forced
CONFIGURATION VARIABLES WITH NON-DEFAULT VALUES:

                                        Actual             Default
------------------------------------------------------------------
  FEM_MESHER_SHOW_PROGRESS                 OFF                    
  
  
FEM engine                : 390.000 2020-08-05
FEM solver                : 1.3.0
AFS                       : 3.1.1

 
Machine                             : DESKTOP-JSPNOMD
Maximum number of threads           : Automatic
Date                                : Thu Jun  4 17:20:36 2026
Design                              : C:\Users\arthu\OneDrive\Documentos\unb\alta_frequencia\TF_alta_frequencia\simulation\TF_alta_frequencia_lib\quadrature_hybrid_coupler_round\layout\emSetup_FEM\proj.ep\Simulations\000001\emds_dsn\design

--------------------------------------------------------
         Pass 1
--------------------------------------------------------


*** MESH ***


FEM Mesher: 2.4.7


    
Automatic initial target mesh size: 1.05e+03 mil
   
PROGRESS 33
PROGRESS 35
PROGRESS 37
PROGRESS 40
PROGRESS 42
PROGRESS 45
PROGRESS 48
PROGRESS 50
PROGRESS 53
PROGRESS 55
PROGRESS 58
PROGRESS 60
PROGRESS 63
PROGRESS 66
PROGRESS 77
PROGRESS 88
PROGRESS 90
Generated 3053 Tetrahedra, 6490 Surfaces, 746 Points

    CPU time: 00:00:00.8    Elapsed time: 00:00:01.1

*** SOLVE ***

PROGRESS 26
PROGRESS 27
PROGRESS 35
PROGRESS 36
PROGRESS 49
PROGRESS 58
PROGRESS 64
PROGRESS 69
PROGRESS 74
PROGRESS 75
PROGRESS 90
PROGRESS 100

 1. Frequency: 3.75 GHz      Unknowns:   18196
    Solver:  Direct threaded 64-bit
    CPU time: 00:00:03.9    Elapsed time: 00:00:02.1    Memory: 115.105 Mbyte 
    Delta S:  not available           [Target:  0.020000]
Generated dataset
Generated dataset

--------------------------------------------------------
         Pass 2
--------------------------------------------------------


*** ADAPT ***

Generated 3631 Tetrahedra, 7673 Surfaces, 868 Points

    CPU time: 00:00:00.3    Elapsed time: 00:00:00.4

*** SOLVE ***

PROGRESS 26
PROGRESS 27
PROGRESS 28
PROGRESS 39
PROGRESS 40
PROGRESS 50
PROGRESS 58
PROGRESS 65
PROGRESS 66
PROGRESS 71
PROGRESS 74
PROGRESS 75
PROGRESS 90
PROGRESS 100

 1. Frequency: 3.75 GHz      Unknowns:   21996
    Solver:  Direct threaded 64-bit
    CPU time: 00:00:05.0    Elapsed time: 00:00:03.2    Memory: 133.410 Mbyte 
    Delta S:    0.077033           [Target:  0.020000]
Generated dataset
Generated dataset

--------------------------------------------------------
         Pass 3
--------------------------------------------------------


*** ADAPT ***

Generated 4217 Tetrahedra, 8874 Surfaces, 990 Points

    CPU time: 00:00:00.3    Elapsed time: 00:00:00.3

*** SOLVE ***

PROGRESS 26
PROGRESS 27
PROGRESS 28
PROGRESS 29
PROGRESS 31
PROGRESS 34
PROGRESS 47
PROGRESS 48
PROGRESS 54
PROGRESS 60
PROGRESS 63
PROGRESS 67
PROGRESS 72
PROGRESS 74
PROGRESS 75
PROGRESS 90
PROGRESS 100

 1. Frequency: 3.75 GHz      Unknowns:   25760
    Solver:  Direct threaded 64-bit
    CPU time: 00:00:08.0    Elapsed time: 00:00:03.9    Memory: 156.027 Mbyte 
    Delta S:    0.070003           [Target:  0.020000]
Generated dataset
Generated dataset

--------------------------------------------------------
         Pass 4
--------------------------------------------------------


*** ADAPT ***

Generated 4935 Tetrahedra, 10341 Surfaces, 1136 Points

    CPU time: 00:00:00.3    Elapsed time: 00:00:00.3

*** SOLVE ***

PROGRESS 26
PROGRESS 27
PROGRESS 28
PROGRESS 29
PROGRESS 30
PROGRESS 31
PROGRESS 32
PROGRESS 33
PROGRESS 37
PROGRESS 38
PROGRESS 39
PROGRESS 40
PROGRESS 41
PROGRESS 42
PROGRESS 47
PROGRESS 48
PROGRESS 49
PROGRESS 50
PROGRESS 51
PROGRESS 52
PROGRESS 54
PROGRESS 57
PROGRESS 58
PROGRESS 59
PROGRESS 60
PROGRESS 62
PROGRESS 64
PROGRESS 67
PROGRESS 69
PROGRESS 70
PROGRESS 72
PROGRESS 73
PROGRESS 74
PROGRESS 75
PROGRESS 90
PROGRESS 100

 1. Frequency: 3.75 GHz      Unknowns:   30246
    Solver:  Direct threaded 64-bit
    CPU time: 00:00:05.6    Elapsed time: 00:00:03.7    Memory: 176.734 Mbyte 
    Delta S:    0.034965           [Target:  0.020000]
Generated dataset
Generated dataset

--------------------------------------------------------
         Pass 5
--------------------------------------------------------


*** ADAPT ***

Generated 5703 Tetrahedra, 11905 Surfaces, 1292 Points

    CPU time: 00:00:01.4    Elapsed time: 00:00:01.8

*** SOLVE ***

PROGRESS 26
PROGRESS 27
PROGRESS 28
PROGRESS 29
PROGRESS 30
PROGRESS 31
PROGRESS 35
PROGRESS 36
PROGRESS 37
PROGRESS 38
PROGRESS 44
PROGRESS 48
PROGRESS 54
PROGRESS 55
PROGRESS 56
PROGRESS 58
PROGRESS 62
PROGRESS 63
PROGRESS 64
PROGRESS 65
PROGRESS 67
PROGRESS 68
PROGRESS 69
PROGRESS 71
PROGRESS 73
PROGRESS 74
PROGRESS 75
PROGRESS 90
PROGRESS 100

 1. Frequency: 3.75 GHz      Unknowns:   35008
    Solver:  Direct threaded 64-bit
    CPU time: 00:00:07.5    Elapsed time: 00:00:03.5    Memory: 203.828 Mbyte 
    Delta S:    0.024245           [Target:  0.020000]
Generated dataset
Generated dataset

--------------------------------------------------------
         Pass 6
--------------------------------------------------------


*** ADAPT ***

Generated 6683 Tetrahedra, 13914 Surfaces, 1498 Points

    CPU time: 00:00:00.8    Elapsed time: 00:00:01.2

*** SOLVE ***

PROGRESS 26
PROGRESS 27
PROGRESS 28
PROGRESS 29
PROGRESS 30
PROGRESS 31
PROGRESS 32
PROGRESS 33
PROGRESS 34
PROGRESS 38
PROGRESS 43
PROGRESS 44
PROGRESS 48
PROGRESS 49
PROGRESS 50
PROGRESS 51
PROGRESS 52
PROGRESS 53
PROGRESS 54
PROGRESS 55
PROGRESS 56
PROGRESS 57
PROGRESS 58
PROGRESS 60
PROGRESS 61
PROGRESS 62
PROGRESS 63
PROGRESS 64
PROGRESS 65
PROGRESS 66
PROGRESS 68
PROGRESS 70
PROGRESS 71
PROGRESS 73
PROGRESS 74
PROGRESS 75
PROGRESS 90
PROGRESS 100

 1. Frequency: 3.75 GHz      Unknowns:   40974
    Solver:  Direct threaded 64-bit
    CPU time: 00:00:08.7    Elapsed time: 00:00:06.9    Memory: 234.477 Mbyte 
    Delta S:    0.019691           [Target:  0.020000]
Generated dataset
Generated dataset

--------------------------------------------------------
         Computing solution
--------------------------------------------------------


*** SOLVE ***


 1. Frequency: 3.75 GHz      Unknowns:   35008
    Solver:  reuse
    CPU time: 00:00:07.5    Elapsed time: 00:00:03.5    Memory: 203.828 Mbyte 

 2. Frequency: 750 MHz      Unknowns:   35008
    Solver:  Direct threaded 64-bit
    CPU time: 00:00:08.9    Elapsed time: 00:00:05.5    Memory: 205.199 Mbyte 

 3. Frequency: 1.75 GHz      Unknowns:   35008
    Solver:  Direct threaded 64-bit
    CPU time: 00:00:03.0    Elapsed time: 00:00:01.0    Memory: 206.227 Mbyte 

 4. Frequency: 2.75 GHz      Unknowns:   35008
    Solver:  Direct threaded 64-bit
    CPU time: 00:00:02.3    Elapsed time: 00:00:00.8    Memory: 206.715 Mbyte 

 5. Frequency: 3.25 GHz      Unknowns:   35008
    Solver:  Direct threaded 64-bit
    CPU time: 00:00:05.8    Elapsed time: 00:00:03.2    Memory: 207.383 Mbyte 

 6. Frequency: 2.25 GHz      Unknowns:   35008
    Solver:  Direct threaded 64-bit
    CPU time: 00:00:04.3    Elapsed time: 00:00:01.9    Memory: 207.383 Mbyte 

 7. Frequency: 1.25 GHz      Unknowns:   35008
    Solver:  Direct threaded 64-bit
    CPU time: 00:00:06.5    Elapsed time: 00:00:03.7    Memory: 207.383 Mbyte 

 8. Frequency: 1 GHz      Unknowns:   35008
    Solver:  Direct threaded 64-bit
    CPU time: 00:00:02.6    Elapsed time: 00:00:01.4    Memory: 207.762 Mbyte 

 9. Frequency: 2.5 GHz      Unknowns:   35008
    Solver:  Direct threaded 64-bit
    CPU time: 00:00:04.3    Elapsed time: 00:00:01.9    Memory: 207.762 Mbyte 

10. Frequency: 2.375 GHz      Unknowns:   35008
    Solver:  Direct threaded 64-bit
    CPU time: 00:00:03.8    Elapsed time: 00:00:02.4    Memory: 207.762 Mbyte 

11. Frequency: 2.3125 GHz      Unknowns:   35008
    Solver:  Direct threaded 64-bit
    CPU time: 00:00:02.8    Elapsed time: 00:00:01.1    Memory: 207.949 Mbyte 

12. Frequency: 2.28125 GHz      Unknowns:   35008
    Solver:  Direct threaded 64-bit
    CPU time: 00:00:03.5    Elapsed time: 00:00:01.5    Memory: 207.949 Mbyte 

------------------------------------------------
DISTRIBUTION SUMMARY:
master 0    on DESKTOP-JSPNOMD 
solver 1    on DESKTOP-JSPNOMD:  #freq:11    
------------------------------------------------
------------------------------------------------
Total Elapsed Time = 0:01:11
------------------------------------------------


Simulation results can be reused

