Loading Data from C:\Users\arthu\OneDrive\Documentos\unb\alta_frequencia\TF_alta_frequencia\simulation\TF_alta_frequencia_lib\quadrature_hybrid_coupler_round\layout\emSetup_FEM\proj.ep\Simulations\000001\emds_dsn\design\design.sat
Load ACIS file
  acis version = ACIS 28.0 NT
  product = Keysight Technologies
  errmsg = success
  entlist.count() = 4
  Unit is  = 1
removing transformation
BODY 0 with transformation: scaling=1.0000000000000002, translation=(60.783499999999968, -454.40750000000014, 0)
BODY 1 with transformation: scaling=1.0000000000000002, translation=(0, 0, 0)
BODY 2 with transformation: scaling=1.0000000000000002, translation=(0, 0, 20.000000000000004)
BODY 3 with transformation: scaling=1, translation=(60.783499999999947, -454.4075000000002, 108.42519685039355)
separating bodies
Entity 0,name=Simulation box, bb=(-867.27549606299272,-1382.466496062993,-2.8421709430404007e-14)->(988.84249606299272,473.65149606299269,216.85039370078712)
Entity 1,name=RO4003C, bb=(-867.27549606299306,-1382.4664960629932,0)->(988.84249606299295,473.65149606299269,20.000000000000011)
Entity 2,name=, bb=(-744.24400000000037,-1259.4350000000004,20.000000000000004)->(865.81100000000026,350.62000000000018,20.000000000000004)
Entity 3,name=*unknown*, bb=(-867.27549606299226,-1382.4664960629927,0)->(988.84249606299227,473.65149606299229,216.85039370078709)
Creating Topology
Analyzing Topology
Merged Objects with same material: merged 4 objects into 4 objects.
 Current Process: Cleaning topologyObjects Combined
Creating Mesh
Restricting h (face curvature)
Restricting h (face curvature)

Line meshing completed:
Mesh overview:
  Vertices: 264
  Edges:    272
  Surfaces: 0
  Volumes:  0

Smaller local tree being used

999/180/135 map/can/use rule Free Triangle (1)
0/1/1 map/can/use rule Free Triangle (5)
0/0/0 map/can/use rule Free Triangle (10)
0/0/0 map/can/use rule Free Triangle (20)
470/354/39 map/can/use rule Right 60 (1)
419/302/67 map/can/use rule Left 60 (1)
416/93/16 map/can/use rule Right 120 (1)
470/107/32 map/can/use rule Left 120 (1)
191/62/2 map/can/use rule Left Right 120 (1)
24/24/6 map/can/use rule Fill Triangle
4691/402/36 map/can/use rule Vis A Vis (1)
539/28/0 map/can/use rule 2 h Vis A Vis (1)


999/311/123 map/can/use rule Free Triangle (1)
0/36/5 map/can/use rule Free Triangle (5)
0/0/0 map/can/use rule Free Triangle (10)
0/0/0 map/can/use rule Free Triangle (20)
397/272/37 map/can/use rule Right 60 (1)
352/236/35 map/can/use rule Left 60 (1)
322/92/2 map/can/use rule Right 120 (1)
361/92/7 map/can/use rule Left 120 (1)
124/26/0 map/can/use rule Left Right 120 (1)
29/29/9 map/can/use rule Fill Triangle
2074/231/18 map/can/use rule Vis A Vis (1)
383/5/0 map/can/use rule 2 h Vis A Vis (1)


1999/401/187 map/can/use rule Free Triangle (1)
0/54/13 map/can/use rule Free Triangle (5)
0/0/0 map/can/use rule Free Triangle (10)
0/0/0 map/can/use rule Free Triangle (20)
978/534/86 map/can/use rule Right 60 (1)
825/449/74 map/can/use rule Left 60 (1)
684/117/12 map/can/use rule Right 120 (1)
762/112/12 map/can/use rule Left 120 (1)
220/40/2 map/can/use rule Left Right 120 (1)
170/170/27 map/can/use rule Fill Triangle
5010/381/39 map/can/use rule Vis A Vis (1)
971/10/1 map/can/use rule 2 h Vis A Vis (1)


Surface meshing completed:
Mesh overview:
  Vertices: 845
  Edges:    272
  Surfaces: 1735
  Volumes:  0

Surface optimization:
  All faces planar: 1
  All edges straight: 1
totalActionsTaken = 3148

2D optimization completed:
Mesh overview:
  Vertices: 845
  Edges:    272
  Surfaces: 1735
  Volumes:  0

 Optimized Face 12 / 12

Surface meshing completed:
Mesh overview:
  Vertices: 722
  Edges:    272
  Surfaces: 1489
  Volumes:  0

Starting volume meshing:
Mesh overview:
  Vertices: 722
  Edges:    272
  Surfaces: 1489
  Volumes:  0
blockfill local h
rel filldist = 0.10000000000000001



Points:           809
Volume Elements:  4070
91 low quality volume elements

Volume elements in qualityclasses:
   0 - 0.05: 495
0.05 -  0.1: 164
 0.1 - 0.15: 214
0.15 -  0.2: 236
 0.2 - 0.25: 314
0.25 -  0.3: 319
 0.3 - 0.35: 425
0.35 -  0.4: 357
 0.4 - 0.45: 277
0.45 -  0.5: 276
 0.5 - 0.55: 200
0.55 -  0.6: 156
 0.6 - 0.65: 161
0.65 -  0.7: 113
 0.7 - 0.75: 89
0.75 -  0.8: 100
 0.8 - 0.85: 91
0.85 -  0.9: 63
 0.9 - 0.95: 13
0.95 -    1: 7
total error: 9.1e+11
free: 2864, fixed: 1206

Start SwapImprove
free: 1414, fixed: 2524

Start SwapImprove


Points:           809
Volume Elements:  3905
91 low quality volume elements

Volume elements in qualityclasses:
   0 - 0.05: 469
0.05 -  0.1: 156
 0.1 - 0.15: 204
0.15 -  0.2: 266
 0.2 - 0.25: 325
0.25 -  0.3: 311
 0.3 - 0.35: 358
0.35 -  0.4: 295
 0.4 - 0.45: 242
0.45 -  0.5: 241
 0.5 - 0.55: 187
0.55 -  0.6: 156
 0.6 - 0.65: 155
0.65 -  0.7: 138
 0.7 - 0.75: 105
0.75 -  0.8: 108
 0.8 - 0.85: 95
0.85 -  0.9: 71
 0.9 - 0.95: 16
0.95 -    1: 7
total error: 9.1e+11
   0 times used rule Free Tetrahedron
  83 times used rule Tetrahedron 60
  31 times used rule Tetrahedron 60 with edge(1)
   0 times used rule Tetrahedron Vis a Vis Point (1)
   5 times used rule Tetrahedron Vis a Vis Point with edge(1)
  27 times used rule Tetrahedron Vis a Vis Point with 2 edges (1)
  51 times used rule Tetrahedron Vis a Vis Point with 3 edges (1)
   0 times used rule Tetrahedron Vis a Vis Triangle (1)
   0 times used rule Octaeder 1
   0 times used rule Octaeder 2
   0 times used rule Octaeder 2a
   0 times used rule Pyramid 1
  25 times used rule Tetrahedron 2 times 60
   5 times used rule Fill Tetrahedron (1)
   0 times used rule Tetrahedron 120 (1)
   0 times used rule Tetrahedron 2 times 120 (1)
   0 times used rule four Tetrahedron non convex (4)
   0 times used rule five Tetrahedron non convex (4)
   0 times used rule four Tetrahedron non convex (6)
   0 times used rule four Tetrahedron non convex (6)
   0 times used rule three Tetrahedron non convex (4)
   0 times used rule three Tetrahedron non convex (6)
   0 times used rule four Tetrahedron non convex (6)
   0 times used rule Tetrahedron 2 in 60 (12)
   0 times used rule Tetrahedron 120: but more than 180 (13)
   0 times used rule Free Tetrahedron (14)
   0 times used rule Free Tetrahedron (15)
blockfill local h
rel filldist = 0.1



Points:           912
Volume Elements:  3692
33 low quality volume elements

Volume elements in qualityclasses:
   0 - 0.05: 345
0.05 -  0.1: 29
 0.1 - 0.15: 45
0.15 -  0.2: 58
 0.2 - 0.25: 82
0.25 -  0.3: 157
 0.3 - 0.35: 199
0.35 -  0.4: 188
 0.4 - 0.45: 206
0.45 -  0.5: 303
 0.5 - 0.55: 284
0.55 -  0.6: 299
 0.6 - 0.65: 309
0.65 -  0.7: 251
 0.7 - 0.75: 257
0.75 -  0.8: 221
 0.8 - 0.85: 217
0.85 -  0.9: 136
 0.9 - 0.95: 80
0.95 -    1: 26
total error: 3.3e+11
free: 1503, fixed: 2189

Start SwapImprove
free: 48, fixed: 3570

Start SwapImprove


Points:           912
Volume Elements:  3618
32 low quality volume elements

Volume elements in qualityclasses:
   0 - 0.05: 343
0.05 -  0.1: 22
 0.1 - 0.15: 33
0.15 -  0.2: 48
 0.2 - 0.25: 62
0.25 -  0.3: 137
 0.3 - 0.35: 201
0.35 -  0.4: 188
 0.4 - 0.45: 197
0.45 -  0.5: 309
 0.5 - 0.55: 277
0.55 -  0.6: 300
 0.6 - 0.65: 304
0.65 -  0.7: 253
 0.7 - 0.75: 256
0.75 -  0.8: 224
 0.8 - 0.85: 221
0.85 -  0.9: 138
 0.9 - 0.95: 80
0.95 -    1: 25
total error: 3.2e+11
   0 times used rule Free Tetrahedron
   0 times used rule Tetrahedron 60
   0 times used rule Tetrahedron 60 with edge(1)
   0 times used rule Tetrahedron Vis a Vis Point (1)
   0 times used rule Tetrahedron Vis a Vis Point with edge(1)
   0 times used rule Tetrahedron Vis a Vis Point with 2 edges (1)
   0 times used rule Tetrahedron Vis a Vis Point with 3 edges (1)
   0 times used rule Tetrahedron Vis a Vis Triangle (1)
   0 times used rule Octaeder 1
   0 times used rule Octaeder 2
   0 times used rule Octaeder 2a
   0 times used rule Pyramid 1
   0 times used rule Tetrahedron 2 times 60
   0 times used rule Fill Tetrahedron (1)
   0 times used rule Tetrahedron 120 (1)
   0 times used rule Tetrahedron 2 times 120 (1)
   0 times used rule four Tetrahedron non convex (4)
   0 times used rule five Tetrahedron non convex (4)
   0 times used rule four Tetrahedron non convex (6)
   0 times used rule four Tetrahedron non convex (6)
   0 times used rule three Tetrahedron non convex (4)
   0 times used rule three Tetrahedron non convex (6)
   0 times used rule four Tetrahedron non convex (6)
   0 times used rule Tetrahedron 2 in 60 (12)
   0 times used rule Tetrahedron 120: but more than 180 (13)
   0 times used rule Free Tetrahedron (14)
   0 times used rule Free Tetrahedron (15)
Vol Meshing added
  3032 tetrahedra through Delaunay tetrahedralization
  90 tetrahedra through advancing front tetrahedralization
  2 passes on advancing front tetrahedralization


Points:           756
Volume Elements:  3122
1 low quality volume elements

Volume elements in qualityclasses:
   0 - 0.05: 6
0.05 -  0.1: 14
 0.1 - 0.15: 81
0.15 -  0.2: 189
 0.2 - 0.25: 250
0.25 -  0.3: 272
 0.3 - 0.35: 299
0.35 -  0.4: 254
 0.4 - 0.45: 219
0.45 -  0.5: 202
 0.5 - 0.55: 204
0.55 -  0.6: 187
 0.6 - 0.65: 199
0.65 -  0.7: 173
 0.7 - 0.75: 163
0.75 -  0.8: 125
 0.8 - 0.85: 125
0.85 -  0.9: 80
 0.9 - 0.95: 59
0.95 -    1: 21
total error: 1e+10

Volume meshing completed:
Mesh overview:
  Vertices: 756
  Edges:    272
  Surfaces: 1489
  Volumes:  3122
Start CombineImprove
illegal tet 30
illegal tet 427
illegal tet 428
illegal tet 987
illegal tet 1003
illegal tet 1145
low volume of tet 0
illegal tet 255
illegal tet 262
illegal tet 372
low volume of tet 0
low volume of tet 0
illegal tet 1154
illegal tet 316
low volume of tet 0
illegal tet 475
low volume of tet 0
illegal tet 1099
illegal tet 1105
illegal tet 391
illegal tet 406
illegal tet 1079
illegal tet 1280
illegal tet 1328
illegal tet 1600
low volume of tet 0
low volume of tet 0
low volume of tet 0
low volume of tet 0
low volume of tet 4.7e-15
low volume of tet 0
low volume of tet 0
low volume of tet 0
low volume of tet 0
low volume of tet 0
low volume of tet 0
low volume of tet 0
low volume of tet 6.1e-13
low volume of tet 0
low volume of tet 0
low volume of tet 0
low volume of tet 7.6e-13
low volume of tet 0
low volume of tet 0
low volume of tet 0
low volume of tet 0
low volume of tet 3e-13
low volume of tet 2.4e-12
low volume of tet 0
low volume of tet 0
low volume of tet 6.1e-13
low volume of tet 0
low volume of tet 0
low volume of tet 0
low volume of tet 6.1e-13
low volume of tet 1.5e-13
illegal tet 2164
low volume of tet 0
illegal tet 2684
illegal tet 2693
illegal tet 3023
10 elements combined
CombineImprove done
Improve Mesh
Total badness = 1e+04

Total badness = 10095.356
start SplitImprove
Total badness = 10095.356
Splitt - Improve done
Total badness = 10011.934
Improve Mesh
Total badness = 10011.934

Total badness = 9979.4971
Improve Mesh
Total badness = 9979.4971

Total badness = 9978.0724


Points:           748
Volume Elements:  3067
0 low quality volume elements

Volume elements in qualityclasses:
   0 - 0.05: 3
0.05 -  0.1: 16
 0.1 - 0.15: 79
0.15 -  0.2: 178
 0.2 - 0.25: 238
0.25 -  0.3: 257
 0.3 - 0.35: 277
0.35 -  0.4: 249
 0.4 - 0.45: 232
0.45 -  0.5: 188
 0.5 - 0.55: 203
0.55 -  0.6: 196
 0.6 - 0.65: 215
0.65 -  0.7: 185
 0.7 - 0.75: 153
0.75 -  0.8: 126
 0.8 - 0.85: 112
0.85 -  0.9: 83
 0.9 - 0.95: 56
0.95 -    1: 21
total error: 8.5e+03
Start CombineImprove
illegal tet 1172
illegal tet 1357
illegal tet 3061
low volume of tet 0
illegal tet 1723
low volume of tet 0
illegal tet 3064
low volume of tet 0
low volume of tet 0
low volume of tet 0
low volume of tet 0
low volume of tet 0
low volume of tet 0
low volume of tet 0
low volume of tet 6.1e-13
3 elements combined
CombineImprove done
Improve Mesh
Total badness = 9.9e+03

Total badness = 9857.5348
start SplitImprove
Total badness = 9857.5348
Splitt - Improve done
Total badness = 9806.8348
Improve Mesh
Total badness = 9806.8348

Total badness = 9806.778
Improve Mesh
Total badness = 9806.778

Total badness = 9806.7635


Points:           747
Volume Elements:  3058
0 low quality volume elements

Volume elements in qualityclasses:
   0 - 0.05: 1
0.05 -  0.1: 13
 0.1 - 0.15: 73
0.15 -  0.2: 178
 0.2 - 0.25: 241
0.25 -  0.3: 258
 0.3 - 0.35: 276
0.35 -  0.4: 252
 0.4 - 0.45: 232
0.45 -  0.5: 184
 0.5 - 0.55: 211
0.55 -  0.6: 196
 0.6 - 0.65: 208
0.65 -  0.7: 188
 0.7 - 0.75: 153
0.75 -  0.8: 124
 0.8 - 0.85: 111
0.85 -  0.9: 80
 0.9 - 0.95: 58
0.95 -    1: 21
total error: 8.3e+03
Start CombineImprove
low volume of tet 0
illegal tet 875
low volume of tet 0
illegal tet 3056
low volume of tet 0
low volume of tet 0
low volume of tet 0
low volume of tet 0
2 elements combined
CombineImprove done
Improve Mesh
Total badness = 9.8e+03

Total badness = 9774.0486
start SplitImprove
Total badness = 9774.0486
Splitt - Improve done
Total badness = 9736.928
Improve Mesh
Total badness = 9736.928

Total badness = 9736.9263
Improve Mesh
Total badness = 9736.9263

Total badness = 9736.9253


Points:           746
Volume Elements:  3053
0 low quality volume elements

Volume elements in qualityclasses:
   0 - 0.05: 0
0.05 -  0.1: 13
 0.1 - 0.15: 73
0.15 -  0.2: 178
 0.2 - 0.25: 239
0.25 -  0.3: 259
 0.3 - 0.35: 276
0.35 -  0.4: 249
 0.4 - 0.45: 235
0.45 -  0.5: 182
 0.5 - 0.55: 210
0.55 -  0.6: 195
 0.6 - 0.65: 207
0.65 -  0.7: 190
 0.7 - 0.75: 153
0.75 -  0.8: 123
 0.8 - 0.85: 112
0.85 -  0.9: 80
 0.9 - 0.95: 58
0.95 -    1: 21
total error: 8.3e+03

Volume optimization completed:
Mesh overview:
  Vertices: 746
  Edges:    272
  Surfaces: 1489
  Volumes:  3053
 Current Process: .