
  1. setup                                          : etime=00:00:00.7    ctime=00:00:00.5    rss= 31.863 Mbyte     virtual= 20.516 Mbyte     
     1. loading mesh                                : etime=00:00:00.2    ctime=00:00:00.2    rss= 31.027 Mbyte     virtual= 20.375 Mbyte     
     2. setup of local problems for iwp             : etime=00:00:00.0    ctime=00:00:00.0    rss= 31.027 Mbyte     virtual= 20.375 Mbyte     
     3. loading circuit components                  : etime=00:00:00.0    ctime=00:00:00.0    rss= 31.027 Mbyte     virtual= 20.375 Mbyte     
        1. reading current sources from calcbridge  : etime=00:00:00.0    ctime=00:00:00.0    rss= 31.027 Mbyte     virtual= 20.375 Mbyte     
        2. building current sources for waveguide ports: etime=00:00:00.0    ctime=00:00:00.0    rss= 31.027 Mbyte     virtual= 20.375 Mbyte     
        3. connectivity check                       : etime=00:00:00.0    ctime=00:00:00.0    rss= 31.027 Mbyte     virtual= 20.375 Mbyte     
           1. legacy FindImpedanceLinePathsForIWG [TO BE OBSOLETED]: etime=00:00:00.0    ctime=00:00:00.0    rss= 31.027 Mbyte     virtual= 20.375 Mbyte     
              1. find impedance line paths          : etime=00:00:00.0    ctime=00:00:00.0    rss= 31.027 Mbyte     virtual= 20.375 Mbyte     
     4. assigning unknowns                          : etime=00:00:00.0    ctime=00:00:00.0    rss= 31.027 Mbyte     virtual= 20.375 Mbyte     
        1. LFenhance                                : etime=00:00:00.0    ctime=00:00:00.0    rss= 31.027 Mbyte     virtual= 20.375 Mbyte     
     5. setup circuit components                    : etime=00:00:00.3    ctime=00:00:00.3    rss= 31.410 Mbyte     virtual= 20.375 Mbyte     
        1. line paths + line integrals              : etime=00:00:00.3    ctime=00:00:00.3    rss= 31.387 Mbyte     virtual= 20.375 Mbyte     
           1. node2cell connectivity                : etime=00:00:00.0    ctime=00:00:00.0    rss= 31.027 Mbyte     virtual= 20.375 Mbyte     
           2. edge2cell connectivity                : etime=00:00:00.0    ctime=00:00:00.0    rss= 31.270 Mbyte     virtual= 20.375 Mbyte     
        2. FindPortCalibrationInductances           : etime=00:00:00.0    ctime=00:00:00.0    rss= 31.410 Mbyte     virtual= 20.375 Mbyte     
           1. setInductance                         : etime=00:00:00.0    ctime=00:00:00.0    rss= 31.410 Mbyte     virtual= 20.375 Mbyte     
        3. iwp                                      : etime=00:00:00.0    ctime=00:00:00.0    rss= 31.410 Mbyte     virtual= 20.375 Mbyte     

  2. symbolic matrix setup                          : etime=00:00:00.2    ctime=00:00:00.3    rss= 54.422 Mbyte     virtual= 43.258 Mbyte     

  3. iwp                                            : etime=00:00:00.0    ctime=00:00:00.0    rss= 54.422 Mbyte     virtual= 43.258 Mbyte     

  4. Frequency 750 MHz                              : etime=00:00:03.6    ctime=00:00:07.2    rss=205.387 Mbyte     virtual=287.336 Mbyte     
     1. constructing matrix                         : etime=00:00:00.4    ctime=00:00:00.9    rss= 55.824 Mbyte     virtual= 46.203 Mbyte     
        1. 1d                                       : etime=00:00:00.0    ctime=00:00:00.0    rss= 55.824 Mbyte     virtual= 46.203 Mbyte     
        2. 3d                                       : etime=00:00:00.2    ctime=00:00:00.7    rss= 55.824 Mbyte     virtual= 46.203 Mbyte     
        3. 2d                                       : etime=00:00:00.2    ctime=00:00:00.2    rss= 55.824 Mbyte     virtual= 46.203 Mbyte     
     2. setup direct solver PARDISO (LU-factorization): etime=00:00:03.1    ctime=00:00:06.0    rss=200.695 Mbyte     virtual=283.031 Mbyte     
     3. constructing excitation                     : etime=00:00:00.0    ctime=00:00:00.0    rss=202.836 Mbyte     virtual=285.141 Mbyte     
     4. direct solve (backsubstitution)             : etime=00:00:00.1    ctime=00:00:00.2    rss=205.180 Mbyte     virtual=287.336 Mbyte     

  5. Frequency 1.75 GHz                             : etime=00:00:01.0    ctime=00:00:03.0    rss=206.227 Mbyte     virtual=287.746 Mbyte     
     1. constructing matrix                         : etime=00:00:00.3    ctime=00:00:01.2    rss=205.395 Mbyte     virtual=287.336 Mbyte     
        1. 1d                                       : etime=00:00:00.0    ctime=00:00:00.0    rss=205.395 Mbyte     virtual=287.336 Mbyte     
        2. 3d                                       : etime=00:00:00.2    ctime=00:00:01.1    rss=205.395 Mbyte     virtual=287.336 Mbyte     
        3. 2d                                       : etime=00:00:00.1    ctime=00:00:00.0    rss=205.395 Mbyte     virtual=287.336 Mbyte     
     2. setup direct solver PARDISO (LU-factorization): etime=00:00:00.3    ctime=00:00:01.0    rss=205.395 Mbyte     virtual=287.336 Mbyte     
     3. constructing excitation                     : etime=00:00:00.0    ctime=00:00:00.0    rss=206.227 Mbyte     virtual=287.746 Mbyte     
     4. direct solve (backsubstitution)             : etime=00:00:00.4    ctime=00:00:00.7    rss=206.227 Mbyte     virtual=287.746 Mbyte     

  6. Frequency 2.75 GHz                             : etime=00:00:00.8    ctime=00:00:02.3    rss=206.715 Mbyte     virtual=287.977 Mbyte     
     1. constructing matrix                         : etime=00:00:00.4    ctime=00:00:00.9    rss=206.230 Mbyte     virtual=287.746 Mbyte     
        1. 1d                                       : etime=00:00:00.0    ctime=00:00:00.0    rss=206.230 Mbyte     virtual=287.746 Mbyte     
        2. 3d                                       : etime=00:00:00.3    ctime=00:00:00.9    rss=206.230 Mbyte     virtual=287.746 Mbyte     
        3. 2d                                       : etime=00:00:00.1    ctime=00:00:00.1    rss=206.230 Mbyte     virtual=287.746 Mbyte     
     2. setup direct solver PARDISO (LU-factorization): etime=00:00:00.3    ctime=00:00:01.1    rss=206.230 Mbyte     virtual=287.746 Mbyte     
     3. constructing excitation                     : etime=00:00:00.0    ctime=00:00:00.0    rss=206.715 Mbyte     virtual=287.977 Mbyte     
     4. direct solve (backsubstitution)             : etime=00:00:00.1    ctime=00:00:00.3    rss=206.715 Mbyte     virtual=287.977 Mbyte     

  7. Frequency 3.25 GHz                             : etime=00:00:02.6    ctime=00:00:05.3    rss=207.383 Mbyte     virtual=288.563 Mbyte     
     1. constructing matrix                         : etime=00:00:01.7    ctime=00:00:03.2    rss=206.715 Mbyte     virtual=287.977 Mbyte     
        1. 1d                                       : etime=00:00:00.0    ctime=00:00:00.0    rss=206.715 Mbyte     virtual=287.977 Mbyte     
        2. 3d                                       : etime=00:00:01.1    ctime=00:00:02.6    rss=206.715 Mbyte     virtual=287.977 Mbyte     
        3. 2d                                       : etime=00:00:00.6    ctime=00:00:00.6    rss=206.715 Mbyte     virtual=287.977 Mbyte     
     2. setup direct solver PARDISO (LU-factorization): etime=00:00:00.8    ctime=00:00:01.8    rss=206.715 Mbyte     virtual=287.977 Mbyte     
     3. constructing excitation                     : etime=00:00:00.0    ctime=00:00:00.0    rss=207.383 Mbyte     virtual=288.563 Mbyte     
     4. direct solve (backsubstitution)             : etime=00:00:00.1    ctime=00:00:00.2    rss=207.383 Mbyte     virtual=288.563 Mbyte     

  8. Frequency 2.25 GHz                             : etime=00:00:01.4    ctime=00:00:03.4    rss=207.383 Mbyte     virtual=288.566 Mbyte     
     1. constructing matrix                         : etime=00:00:00.4    ctime=00:00:01.0    rss=207.383 Mbyte     virtual=288.563 Mbyte     
        1. 1d                                       : etime=00:00:00.0    ctime=00:00:00.0    rss=207.383 Mbyte     virtual=288.563 Mbyte     
        2. 3d                                       : etime=00:00:00.2    ctime=00:00:00.8    rss=207.383 Mbyte     virtual=288.563 Mbyte     
        3. 2d                                       : etime=00:00:00.2    ctime=00:00:00.2    rss=207.383 Mbyte     virtual=288.563 Mbyte     
     2. setup direct solver PARDISO (LU-factorization): etime=00:00:00.9    ctime=00:00:02.1    rss=207.383 Mbyte     virtual=288.563 Mbyte     
     3. constructing excitation                     : etime=00:00:00.0    ctime=00:00:00.0    rss=207.383 Mbyte     virtual=288.566 Mbyte     
     4. direct solve (backsubstitution)             : etime=00:00:00.1    ctime=00:00:00.2    rss=207.383 Mbyte     virtual=288.566 Mbyte     

  9. Frequency 1.25 GHz                             : etime=00:00:03.0    ctime=00:00:05.9    rss=207.383 Mbyte     virtual=288.566 Mbyte     
     1. constructing matrix                         : etime=00:00:01.6    ctime=00:00:03.3    rss=207.383 Mbyte     virtual=288.566 Mbyte     
        1. 1d                                       : etime=00:00:00.0    ctime=00:00:00.0    rss=207.383 Mbyte     virtual=288.566 Mbyte     
        2. 3d                                       : etime=00:00:01.1    ctime=00:00:02.8    rss=207.383 Mbyte     virtual=288.566 Mbyte     
        3. 2d                                       : etime=00:00:00.4    ctime=00:00:00.4    rss=207.383 Mbyte     virtual=288.566 Mbyte     
     2. setup direct solver PARDISO (LU-factorization): etime=00:00:01.1    ctime=00:00:02.0    rss=207.383 Mbyte     virtual=288.566 Mbyte     
     3. constructing excitation                     : etime=00:00:00.0    ctime=00:00:00.0    rss=207.383 Mbyte     virtual=288.566 Mbyte     
     4. direct solve (backsubstitution)             : etime=00:00:00.2    ctime=00:00:00.6    rss=207.383 Mbyte     virtual=288.566 Mbyte     

 10. Frequency 1 GHz                                : etime=00:00:00.8    ctime=00:00:02.2    rss=207.762 Mbyte     virtual=288.672 Mbyte     
     1. constructing matrix                         : etime=00:00:00.3    ctime=00:00:00.9    rss=207.383 Mbyte     virtual=288.566 Mbyte     
        1. 1d                                       : etime=00:00:00.0    ctime=00:00:00.0    rss=207.383 Mbyte     virtual=288.566 Mbyte     
        2. 3d                                       : etime=00:00:00.2    ctime=00:00:00.8    rss=207.383 Mbyte     virtual=288.566 Mbyte     
        3. 2d                                       : etime=00:00:00.1    ctime=00:00:00.1    rss=207.383 Mbyte     virtual=288.566 Mbyte     
     2. setup direct solver PARDISO (LU-factorization): etime=00:00:00.4    ctime=00:00:01.0    rss=207.383 Mbyte     virtual=288.566 Mbyte     
     3. constructing excitation                     : etime=00:00:00.0    ctime=00:00:00.0    rss=207.762 Mbyte     virtual=288.672 Mbyte     
     4. direct solve (backsubstitution)             : etime=00:00:00.1    ctime=00:00:00.3    rss=207.762 Mbyte     virtual=288.672 Mbyte     

 11. Frequency 2.5 GHz                              : etime=00:00:01.6    ctime=00:00:03.8    rss=207.762 Mbyte     virtual=288.672 Mbyte     
     1. constructing matrix                         : etime=00:00:00.4    ctime=00:00:01.0    rss=207.762 Mbyte     virtual=288.672 Mbyte     
        1. 1d                                       : etime=00:00:00.0    ctime=00:00:00.0    rss=207.762 Mbyte     virtual=288.672 Mbyte     
        2. 3d                                       : etime=00:00:00.2    ctime=00:00:00.9    rss=207.762 Mbyte     virtual=288.672 Mbyte     
        3. 2d                                       : etime=00:00:00.1    ctime=00:00:00.1    rss=207.762 Mbyte     virtual=288.672 Mbyte     
     2. setup direct solver PARDISO (LU-factorization): etime=00:00:01.0    ctime=00:00:02.3    rss=207.762 Mbyte     virtual=288.672 Mbyte     
     3. constructing excitation                     : etime=00:00:00.0    ctime=00:00:00.0    rss=207.762 Mbyte     virtual=288.672 Mbyte     
     4. direct solve (backsubstitution)             : etime=00:00:00.2    ctime=00:00:00.5    rss=207.762 Mbyte     virtual=288.672 Mbyte     

 12. Frequency 2.375 GHz                            : etime=00:00:01.8    ctime=00:00:03.3    rss=207.762 Mbyte     virtual=288.672 Mbyte     
     1. constructing matrix                         : etime=00:00:01.5    ctime=00:00:02.1    rss=207.762 Mbyte     virtual=288.672 Mbyte     
        1. 1d                                       : etime=00:00:00.0    ctime=00:00:00.0    rss=207.762 Mbyte     virtual=288.672 Mbyte     
        2. 3d                                       : etime=00:00:01.4    ctime=00:00:02.0    rss=207.762 Mbyte     virtual=288.672 Mbyte     
        3. 2d                                       : etime=00:00:00.1    ctime=00:00:00.1    rss=207.762 Mbyte     virtual=288.672 Mbyte     
     2. setup direct solver PARDISO (LU-factorization): etime=00:00:00.3    ctime=00:00:00.9    rss=207.762 Mbyte     virtual=288.672 Mbyte     
     3. constructing excitation                     : etime=00:00:00.0    ctime=00:00:00.0    rss=207.762 Mbyte     virtual=288.672 Mbyte     
     4. direct solve (backsubstitution)             : etime=00:00:00.1    ctime=00:00:00.3    rss=207.762 Mbyte     virtual=288.672 Mbyte     

 13. Frequency 2.3125 GHz                           : etime=00:00:00.8    ctime=00:00:02.3    rss=207.949 Mbyte     virtual=288.828 Mbyte     
     1. constructing matrix                         : etime=00:00:00.5    ctime=00:00:00.9    rss=207.762 Mbyte     virtual=288.672 Mbyte     
        1. 1d                                       : etime=00:00:00.0    ctime=00:00:00.0    rss=207.762 Mbyte     virtual=288.672 Mbyte     
        2. 3d                                       : etime=00:00:00.3    ctime=00:00:00.8    rss=207.762 Mbyte     virtual=288.672 Mbyte     
        3. 2d                                       : etime=00:00:00.1    ctime=00:00:00.1    rss=207.762 Mbyte     virtual=288.672 Mbyte     
     2. setup direct solver PARDISO (LU-factorization): etime=00:00:00.3    ctime=00:00:01.0    rss=207.762 Mbyte     virtual=288.672 Mbyte     
     3. constructing excitation                     : etime=00:00:00.0    ctime=00:00:00.0    rss=207.949 Mbyte     virtual=288.828 Mbyte     
     4. direct solve (backsubstitution)             : etime=00:00:00.1    ctime=00:00:00.4    rss=207.949 Mbyte     virtual=288.828 Mbyte     

 14. Frequency 2.28125 GHz                          : etime=00:00:01.3    ctime=00:00:02.9    rss=207.949 Mbyte     virtual=288.988 Mbyte     
     1. constructing matrix                         : etime=00:00:00.4    ctime=00:00:01.0    rss=207.949 Mbyte     virtual=288.828 Mbyte     
        1. 1d                                       : etime=00:00:00.0    ctime=00:00:00.0    rss=207.949 Mbyte     virtual=288.828 Mbyte     
        2. 3d                                       : etime=00:00:00.2    ctime=00:00:00.8    rss=207.949 Mbyte     virtual=288.828 Mbyte     
        3. 2d                                       : etime=00:00:00.2    ctime=00:00:00.2    rss=207.949 Mbyte     virtual=288.828 Mbyte     
     2. setup direct solver PARDISO (LU-factorization): etime=00:00:00.6    ctime=00:00:01.3    rss=207.949 Mbyte     virtual=288.828 Mbyte     
     3. constructing excitation                     : etime=00:00:00.0    ctime=00:00:00.0    rss=207.949 Mbyte     virtual=288.988 Mbyte     
     4. direct solve (backsubstitution)             : etime=00:00:00.2    ctime=00:00:00.5    rss=207.949 Mbyte     virtual=288.988 Mbyte     
