; Top Design: "TF_alta_frequencia_lib:quadrature_hybrid_coupler_round:schematic"
; Netlisted using Hierarchy Policy: "Standard"

Options ResourceUsage=yes UseNutmegFormat=no EnableOptim=no TopDesignName="TF_alta_frequencia_lib:quadrature_hybrid_coupler_round:schematic" DcopOutputNodeVoltages=yes DcopOutputPinCurrents=yes DcopOutputAllSweepPoints=no DcopOutputDcopType=0
MCURVE:Curve1  N__20 N__13 Subst="MSub1" W=Wqw mm Angle=90 Radius=Rcurve mm 
MLIN2:TL7  P2 N__4 Subst="MSub1" W=W0 mm L=L0 mm Wall1=1.0E+30 mil Wall2=1.0E+30 mil Mod=1 
MLIN2:TL2  P1 N__9 Subst="MSub1" W=W0 mm L=L0 mm Wall1=1.0E+30 mil Wall2=1.0E+30 mil Mod=1 
MLIN2:TL6  N__7 P4 Subst="MSub1" W=W0 mm L=L0 mm Wall1=1.0E+30 mil Wall2=1.0E+30 mil Mod=1 
MTEE_ADS:Tee1  N__0 N__23 N__9 Subst="MSub1" W1=W0 mm W2=W0 mm W3=W0 mm 
model MSub1 MSUB H=0.508 mm Er=3.550 Mur=1 Cond=1.0E+50 Hu=3.93701e+34 mil T=0.035 mm TanD=0.0021 Rough=0 mil DielectricLossModel=1 FreqForEpsrTanD=1.0 GHz LowFreqForTanD=1.0 kHz HighFreqForTanD=1.0 THz RoughnessModel=2 
Port:TermG1  P1 0 Num=1 Z=Z0 Ohm Noise=yes 
MTEE_ADS:Tee4  N__22 N__16 N__4 Subst="MSub1" W1=W0 mm W2=W0 mm W3=W0 mm 
MCURVE:Curve5  N__19 N__21 Subst="MSub1" W=W0 mm Angle=90 Radius=Rcurve mm 
MCURVE:Curve6  N__1 N__10 Subst="MSub1" W=Wqw mm Angle=90 Radius=Rcurve mm 
MTEE_ADS:Tee3  N__14 N__2 N__17 Subst="MSub1" W1=W0 mm W2=W0 mm W3=W0 mm 
MTEE_ADS:Tee5  N__25 N__15 N__7 Subst="MSub1" W1=W0 mm W2=W0 mm W3=W0 mm 
MLIN2:TL5  P3 N__17 Subst="MSub1" W=W0 mm L=L0 mm Wall1=1.0E+30 mil Wall2=1.0E+30 mil Mod=1 
MCURVE:Curve7  N__8 N__6 Subst="MSub1" W=W0 mm Angle=90 Radius=Rcurve mm 
Port:TermG3  P3 0 Num=3 Z=Z0 Ohm Noise=yes 
Port:TermG2  P2 0 Num=2 Z=Z0 Ohm Noise=yes 
Port:TermG4  P4 0 Num=4 Z=Z0 Ohm Noise=yes 

Z0=50
Ltaper=1
Rcurve=Lqw/(2*pi)
W0=1.0878 tune{ 0.5489 to 1.6467 by 0.01 }
Wqw=1.8566 tune{ 0.9333 to 2.7999 by 0.01 }
L0=8.3618634 tune{ 4.71453 to 14.14359 by 0.01 }
Lqw=62.81967 tune{ 9.19995 to 67 by 0.01 }
S_Param:SP1 CalcS=yes CalcY=no CalcZ=no GroupDelayAperture=1e-4 FreqConversion=no FreqConversionPort=1 StatusLevel=2 CalcNoise=no SortNoise=0 BandwidthForNoise=1.0 Hz DevOpPtLevel=0 \
SweepVar="freq" SweepPlan="SP1_stim" OutputPlan="SP1_Output" 

SweepPlan: SP1_stim Start=0.75 GHz Stop=3.75 GHz Step=1.0 MHz 

OutputPlan:SP1_Output \
      Type="Output" \
      UseEquationNestLevel=yes \
      EquationNestLevel=2 \
      UseSavedEquationNestLevel=yes \
      SavedEquationNestLevel=2 \
      SavedEquationName[1]="L0" \
      SavedEquationName[2]="Lqw" \
      SavedEquationName[3]="Rcurve" \
      SavedEquationName[4]="W0" \
      SavedEquationName[5]="Wqw" \
      SavedEquationName[6]="Z0"

#load "python","LinearCollapse"
Component Module="LinearCollapse" Type="ModelExtractor" NetworkRepresentation=2
MTAPER:Taper2  N__10 N__15 Subst="MSub1" W1=Wqw mm W2=W0 mm L=Ltaper mm 
MTAPER:Taper3  N__20 N__16 Subst="MSub1" W1=Wqw mm W2=W0 mm L=Ltaper mm 
MTAPER:Taper4  N__1 N__2 Subst="MSub1" W1=Wqw mm W2=W0 mm L=Ltaper mm 
MLIN2:TL8  N__22 N__19 Subst="MSub1" W=W0 mm L=Ltaper mm Wall1=1.0E+30 mil Wall2=1.0E+30 mil Mod=1 
MLIN2:TL9  N__21 N__14 Subst="MSub1" W=W0 mm L=Ltaper mm Wall1=1.0E+30 mil Wall2=1.0E+30 mil Mod=1 
MLIN2:TL10  N__23 N__8 Subst="MSub1" W=W0 mm L=Ltaper mm Wall1=1.0E+30 mil Wall2=1.0E+30 mil Mod=1 
MLIN2:TL11  N__25 N__6 Subst="MSub1" W=W0 mm L=Ltaper mm Wall1=1.0E+30 mil Wall2=1.0E+30 mil Mod=1 
MTAPER:Taper1  N__13 N__0 Subst="MSub1" W1=Wqw mm W2=W0 mm L=Ltaper mm 
