2.22206491681897156e-01
2.20375754772938359e-01
2.17096469999477737e-01
2.16897440988743889e-01
2.14178355762371569e-01
2.06436561710845401e-01
2.05394607892140119e-01
1.94582611227927249e-01
1.93960325413980395e-01
1.90620793207426420e-01
1.90054223863440425e-01
1.89770311540854331e-01
1.87567288951746097e-01
1.86367130410332288e-01
1.85679510545067983e-01
1.83702531501569427e-01
1.82348066416923360e-01
1.81265260926881056e-01
1.80476189646551100e-01
1.80314194101699909e-01
1.80249608700063929e-01
1.77908603906862417e-01
1.77077182662725652e-01
1.77005073558796050e-01
1.76528307279254365e-01
1.76011148331046613e-01
1.75315720104620931e-01
1.75134931025621776e-01
1.74297338103032662e-01
1.74197768684525911e-01
1.73182436062402773e-01
1.71712228400429184e-01
1.71361588615436294e-01
1.69609534813530249e-01
1.69328768887172021e-01
1.69187959841130692e-01
1.69129960345080210e-01
1.68771206904634513e-01
1.68714743301205200e-01
1.68316836564975841e-01
1.67761749413502553e-01
1.67684108951182881e-01
1.66674788230436716e-01
1.66377484303377121e-01
1.65623604953805653e-01
1.65620328982525211e-01
1.63833914522648449e-01
1.63552876150962950e-01
1.63375277779735012e-01
1.62980932047569332e-01
1.61764222117581152e-01
1.60888741656621703e-01
1.60581773615710660e-01
1.59991332746859838e-01
1.59809240221860938e-01
1.59464665812484863e-01
1.59420780272508888e-01
1.58358080574738547e-01
1.57916122626581557e-01
1.57870323997156420e-01
1.57770220483557877e-01
1.57592738517675607e-01
1.57434258117024328e-01
1.56207644551880520e-01
1.55873580561882746e-01
1.55794928245766379e-01
1.55569087189707744e-01
1.54509834815436176e-01
1.53925877858136523e-01
1.53328061855086212e-01
1.53026913755358901e-01
1.52436196903369570e-01
1.52385696271656851e-01
1.52041755852055843e-01
1.52001276513022504e-01
1.51458778273162176e-01
1.51430618847325671e-01
1.51209673370650388e-01
1.50870433856065189e-01
1.50868258156481083e-01
1.50537708981493101e-01
1.50308641757246980e-01
1.50267138370610565e-01
1.50144161738052312e-01
1.49652375111100716e-01
1.49049123020269625e-01
1.48554895831080086e-01
1.48352776079789084e-01
1.48352188027652293e-01
1.47886025318550801e-01
1.47818902015321940e-01
1.47794351411920044e-01
1.47783900662353584e-01
1.47146605011213460e-01
1.47021774955622908e-01
1.46970994098088559e-01
1.46206222313794931e-01
1.45757114057554399e-01
1.45523619292817291e-01
1.44708859475162099e-01
1.44424443041912820e-01
1.44198378701398983e-01
1.44196687567779702e-01
1.43891457530787331e-01
1.43083174503412486e-01
1.42529364271350767e-01
1.42013478363400336e-01
1.41551025604355174e-01
1.40629374170883337e-01
1.40623791035823176e-01
1.39901369972731449e-01
1.39557942263564438e-01
1.39322831149651799e-01
1.38915682822859765e-01
1.38334040479183296e-01
1.38208388142167488e-01
1.37785567890315347e-01
1.37303580697912875e-01
1.37259956635102626e-01
1.34768445718602192e-01
1.34001538516333729e-01
1.33901621448825475e-01
1.33873438591910893e-01
1.33559031584062848e-01
1.33236225716932472e-01
1.32753138236880980e-01
1.32421973611282467e-01
1.32231865917736530e-01
1.31997764499018511e-01
1.31829855740733887e-01
1.31353482696364626e-01
1.31293112896275654e-01
1.31142720524469625e-01
1.30879417574295220e-01
1.29633415327184504e-01
1.29361770965793210e-01
1.28588110305380393e-01
1.28263266157946837e-01
1.28012669911137328e-01
1.27960091755366628e-01
1.27679526874460686e-01
1.27280801421237350e-01
1.27271814889943324e-01
1.27158757423440627e-01
1.27070681114273998e-01
1.26967268574964570e-01
1.26963136656006670e-01
1.26695437035985292e-01
1.26681452690392271e-01
1.26163821341243987e-01
1.26069521129823031e-01
1.25867855038846038e-01
1.25749485132825051e-01
1.24759730158976165e-01
1.23433380072723364e-01
1.22732179311626555e-01
1.22687768463971350e-01
1.22527495534369132e-01
1.21683812813795492e-01
1.21502189266226440e-01
1.21349847353973861e-01
1.21166359805602905e-01
1.20714459354552925e-01
1.20555099794254578e-01
1.20310084437806469e-01
1.20089991765014850e-01
1.19560597756775203e-01
1.19057195114382328e-01
1.19025825921725517e-01
1.18860709039840085e-01
1.17954182431525195e-01
1.17918908512956930e-01
1.17775795505283151e-01
1.17421778092546017e-01
1.17173563265765585e-01
1.16925838077562877e-01
1.16834076173673404e-01
1.16293011069902766e-01
1.15958706575809145e-01
1.14964813854230075e-01
1.14843646843857256e-01
1.14834582549443481e-01
1.14549157306515895e-01
1.14169698465212008e-01
1.13807493743087573e-01
1.13416160142637251e-01
1.12292361899695187e-01
1.11715532382677896e-01
1.11655060570401657e-01
1.11368488201344915e-01
1.11271065415079667e-01
1.10713486110026155e-01
1.10695887567901316e-01
1.10371449607701802e-01
1.09514744643924342e-01
1.09363250320671762e-01
1.08838860184193739e-01
1.08739117810026584e-01
1.08680048451040415e-01
1.08664307421735162e-01
1.08198773305462959e-01
1.08025025302917133e-01
1.08017565513455122e-01
1.07528617453473502e-01
1.07425759880494881e-01
1.07272358444136462e-01
1.07242966605081716e-01
1.07209072392771665e-01
1.07088046958150482e-01
1.06921354300288624e-01
1.06674128032580598e-01
1.06260187223541580e-01
1.06255118082321187e-01
1.06064401516415704e-01
1.05903704324586900e-01
1.05344979332448296e-01
1.05302466316273310e-01
1.04871627291226649e-01
1.04809355119148656e-01
1.04786888467840109e-01
1.04363812560880065e-01
1.04178039718870352e-01
1.04052846440406105e-01
1.03965121622372772e-01
1.03837970883450814e-01
1.03411882374393665e-01
1.03191570268060279e-01
1.02822071576632146e-01
1.02596859793570569e-01
1.02147919497927300e-01
1.01958992872221321e-01
1.01859341394942640e-01
1.01773945150830700e-01
1.00800325267589114e-01
1.00571844655269124e-01
1.00453854616947821e-01
1.00045104151875092e-01
9.98790152065650860e-02
9.97444400161147243e-02
9.96540821918781433e-02
9.96285270478392965e-02
9.95900062267092434e-02
9.92795502164991600e-02
9.84843784047924192e-02
9.77530425863405023e-02
9.76200176667231800e-02
9.75488427815604381e-02
9.71309772288644485e-02
9.69280462309638491e-02
9.68028269140201042e-02
9.67797624739335366e-02
9.66408265748629480e-02
9.66222035544343633e-02
9.63713158326865160e-02
9.62459365468325140e-02
9.62288670481788733e-02
9.60844303818728790e-02
9.56632375339558361e-02
9.54888874181938907e-02
9.54187290530743720e-02
9.53802698343914623e-02
9.53216862821202465e-02
9.49194472560932756e-02
9.44802676793312785e-02
9.40403777903249111e-02
9.37657631226722077e-02
9.36048769040770112e-02
9.34534883779251924e-02
9.34431261102188632e-02
9.31083159681851402e-02
9.30210493241247910e-02
9.23914927356197374e-02
9.23784499065510856e-02
9.23443490360706110e-02
9.22049233629998327e-02
9.19892694595804555e-02
9.19062305439714844e-02
9.16715458907409464e-02
9.16662704572897141e-02
9.13533377529984758e-02
9.12688739625315687e-02
9.10227143567942654e-02
9.07546306113931056e-02
9.07005973846610192e-02
9.06781695609385346e-02
9.06346715682886661e-02
9.03694348434219002e-02
9.02061732503170316e-02
9.01462296076315367e-02
9.00454238842674365e-02
8.99624000449838618e-02
8.99361464940002658e-02
8.99024554472972331e-02
8.98327424040806372e-02
8.95516687006959605e-02
8.94588714757482417e-02
8.93563338275022295e-02
8.91795849637237736e-02
8.91133101769898406e-02
8.90352073347221579e-02
8.88156831570963146e-02
8.87973219067115793e-02
8.85649195648801207e-02
8.84988335130147408e-02
8.83352002139391329e-02
8.82576854295551716e-02
8.80565145570660207e-02
8.78784698814212145e-02
8.77621249274710274e-02
8.76927092116742829e-02
8.75900005590581759e-02
8.75618294238523498e-02
8.74262604923971287e-02
8.71775579228800390e-02
8.70765696713512449e-02
8.69290740193987277e-02
8.68537039873369943e-02
8.68349637373299066e-02
8.68267176432313964e-02
8.68043280160323283e-02
8.65623215241824867e-02
8.63786856047871338e-02
8.63735957738279575e-02
8.63314963295091914e-02
8.62177206355615733e-02
8.58874126707826063e-02
8.56771244238192509e-02
8.54430509707563568e-02
8.54310183271070056e-02
8.53958507870819644e-02
8.49996083137417868e-02
8.49333358286799150e-02
8.44472369999875738e-02
8.42052301500378492e-02
8.38166935911228983e-02
8.32986342831119192e-02
8.32084547106843320e-02
8.31612650362317657e-02
8.29498004188909122e-02
8.27583434098275589e-02
8.26009157253116133e-02
8.24694989504627940e-02
8.22869114304066313e-02
8.22556596811874624e-02
8.20574080439610831e-02
8.17812985669033321e-02
8.15646537925113352e-02
8.14348023083802941e-02
8.14291583884770576e-02
8.12555030978534681e-02
8.12244815761354183e-02
8.11942346823742583e-02
8.08709319100531371e-02
8.05267997106677430e-02
8.04006806270327612e-02
8.03547156985345290e-02
7.97182563304225378e-02
7.97160730415860663e-02
7.93205114258811878e-02
7.91276137120165701e-02
7.87975553686911245e-02
7.85495860085889674e-02
7.85440929348332900e-02
7.84954911859871013e-02
7.84941596164038802e-02
7.84531663653472988e-02
7.80383002587863861e-02
7.80238329193029684e-02
7.78925217996353503e-02
7.78727739710617511e-02
7.77702741659127561e-02
7.77179248711892257e-02
7.76870851138247720e-02
7.76800972509658488e-02
7.76715308100378032e-02
7.74907330108162429e-02
7.74560488578619477e-02
7.73255293067828531e-02
7.72229573124773722e-02
7.69520390852738434e-02
7.69115564687975622e-02
7.68263076170475900e-02
7.67791887043514920e-02
7.59325120656798441e-02
7.59169115693938412e-02
7.59006717181683749e-02
7.58065607240871880e-02
7.57368672413391147e-02
7.56476104614171030e-02
7.56233245167142465e-02
7.55647984313274346e-02
7.55336221520379325e-02
7.54870177971624645e-02
7.53729160761512224e-02
7.52060568424988696e-02
7.51647811565904767e-02
7.49690511933120557e-02
7.48213627152176375e-02
7.45988742867338822e-02
7.45867586113164588e-02
7.45041704744908856e-02
7.45031572059474123e-02
7.42901546313412681e-02
7.39940099948827867e-02
7.39413543362000270e-02
7.38875258441010069e-02
7.37329003767200897e-02
7.35827307161004557e-02
7.34692102155823229e-02
7.34402602899366513e-02
7.33775864715230514e-02
7.30742161361698922e-02
7.27698937374090943e-02
7.27584005830299030e-02
7.27242382358277845e-02
7.26336133067812667e-02
7.24257496358311492e-02
7.23829404681230748e-02
7.22154657541761030e-02
7.21491496999453336e-02
7.21287152030541945e-02
7.20821177509709116e-02
7.20132233003385053e-02
7.19219935744320193e-02
7.17610713380713583e-02
7.16916169114128060e-02
7.11172929282754551e-02
7.09007781505395090e-02
7.08409317735509969e-02
7.07519403727514540e-02
7.05912671005162196e-02
7.04760199497194567e-02
7.03318918233683532e-02
7.00366138617125183e-02
6.95950050586860158e-02
6.95944994157214059e-02
6.95431829057040485e-02
6.94879976091620777e-02
6.91887056205911233e-02
6.91377219861726011e-02
6.91326218874630943e-02
6.90193411644582783e-02
6.90178650351991468e-02
6.89999538587396932e-02
6.89876853361636039e-02
6.89488020871318885e-02
6.89419700018512605e-02
6.89160968906280258e-02
6.88877286841231007e-02
6.88559490649911232e-02
6.88022322692756205e-02
6.86990751670058658e-02
6.86710099941026525e-02
6.86688317732152970e-02
6.84587026722415781e-02
6.83981462348444980e-02
6.82938535007802661e-02
6.81882187219262359e-02
6.80753159458184209e-02
6.79729922716478113e-02
6.79719308971775543e-02
6.79344301468472050e-02
6.79093661604055071e-02
6.78416414210670504e-02
6.78075188069989648e-02
6.76903990913723386e-02
6.74211076962579064e-02
6.73886465737363327e-02
6.73279459992272011e-02
6.72828372346097325e-02
6.72621405855017701e-02
6.70963387001075467e-02
6.70205827684414168e-02
6.69832711663806979e-02
6.69655222991911714e-02
6.69296983153584851e-02
6.68606499379707092e-02
6.68249634553055583e-02
6.64984818579615194e-02
6.64925780464292737e-02
6.64607096283136856e-02
6.61464047572631608e-02
6.60617864787522574e-02
6.60562827171913558e-02
6.59039717363455596e-02
6.58972682419655398e-02
6.58868951118385532e-02
6.54900749385896042e-02
6.54411407966098702e-02
6.53957358955192802e-02
6.53674843737735711e-02
6.51568528310514927e-02
6.51502407461427152e-02
6.51462178035511486e-02
6.51262670190695392e-02
6.48881582985014194e-02
6.47797669439651863e-02
6.47553606201024118e-02
6.46165470728266023e-02
6.45700797701416751e-02
6.44834358120722484e-02
6.44641218433822938e-02
6.43726434818784193e-02
6.42882588645645320e-02
6.42859407545942618e-02
6.42655073237133889e-02
6.41730545378889072e-02
6.40557403366272954e-02
6.39804232949193336e-02
6.39198524222161918e-02
6.38598912441437766e-02
6.38403417014787034e-02
6.37697822946295956e-02
6.37097045998615968e-02
6.36475227090702728e-02
6.35889370307803070e-02
6.35153297669974887e-02
6.33749637052015563e-02
6.33654194530462733e-02
6.33226192227916984e-02
6.32934936456750752e-02
6.32438684789601718e-02
6.32413005041705806e-02
6.31765338974586144e-02
6.29558505775755367e-02
6.28929352327031732e-02
6.27485724975362924e-02
6.26826623282836781e-02
6.25824202993033180e-02
6.25399719278681293e-02
6.24380756093407055e-02
6.20958085206733679e-02
6.20767968934590256e-02
6.20093667876314217e-02
6.19420587516328405e-02
6.18825131998611069e-02
6.18376255620705917e-02
6.18277215294115237e-02
6.18120678239651306e-02
6.17554059947413928e-02
6.17300419979904882e-02
6.16872219817846748e-02
6.16246487214791097e-02
6.15935857768893577e-02
6.13740090566915475e-02
6.12702697231692003e-02
6.12250092780377286e-02
6.09563041334244757e-02
6.08522703263225800e-02
6.08122971478571167e-02
6.06931907783151148e-02
6.05134455840396629e-02
6.04873571744377059e-02
6.04722413109861148e-02
6.04173693539763954e-02
6.03470074809602311e-02
6.03445677711441433e-02
6.02634913670343358e-02
6.01594433702260373e-02
6.01582547755064451e-02
6.01420497046721778e-02
6.00899333350730577e-02
6.00830179595587127e-02
5.99193825885993570e-02
5.98407742551010854e-02
5.98145118198493628e-02
5.97896661946406283e-02
5.96793787362619524e-02
5.95989718364469331e-02
5.95206704096146108e-02
5.95039972130517111e-02
5.94868424532056794e-02
5.92264829963070130e-02
5.92135413798850277e-02
5.89217589672000538e-02
5.88853958893868976e-02
5.88528282549016790e-02
5.85987338347739514e-02
5.85415073474847836e-02
5.85158857556361614e-02
5.82893494414361002e-02
5.80075754757984272e-02
5.78398637547983888e-02
5.78364084854737642e-02
5.77780465572337587e-02
5.77451927726608666e-02
5.77113241451114034e-02
5.77057731195019519e-02
5.75802689896269954e-02
5.75514380705425613e-02
5.74948230363456214e-02
5.74638858126514454e-02
5.74508968094686809e-02
5.74357954074143917e-02
5.73689218604885171e-02
5.72365358199338134e-02
5.72276081084613295e-02
5.71871300600425500e-02
5.70699574938490634e-02
5.70062779231060648e-02
5.68924143315992850e-02
5.68694438166628263e-02
5.68307937465804339e-02
5.67666402241280080e-02
5.66981806177411160e-02
5.66916505424691283e-02
5.66880797319205751e-02
5.66750772158655172e-02
5.65527960248809400e-02
5.65295358376939269e-02
5.63574141897053779e-02
5.62935404713068785e-02
5.62255841935690240e-02
5.61893805320710579e-02
5.61790257153662598e-02
5.61428622871744873e-02
5.60872794526373966e-02
5.60767240210390816e-02
5.60110111193617213e-02
5.59579004849222322e-02
5.59061550035847912e-02
5.57908633884590111e-02
5.57063888675712535e-02
5.57045677130047143e-02
5.56584708820461529e-02
5.56019346657667113e-02
5.54698980838325487e-02
5.54359827350884571e-02
5.54009329408509457e-02
5.52718750543104015e-02
5.52234388434246215e-02
5.52036632276462144e-02
5.49575397415603337e-02
5.49245636812449242e-02
5.49065450720589154e-02
5.48368662224623105e-02
5.47754765635485238e-02
5.47676643323265697e-02
5.47313193471702097e-02
5.45317976093139117e-02
5.45271194618049751e-02
5.45206493287674759e-02
5.44730017174469353e-02
5.44713501971697406e-02
5.44482586368949667e-02
5.44465816812425285e-02
5.44287495888522641e-02
5.43135511388834064e-02
5.43012278116296390e-02
5.41224704291609626e-02
5.40796892794178155e-02
5.40431370897742347e-02
5.39313323736293621e-02
5.38890923188306628e-02
5.38566343432944628e-02
5.37127947220673793e-02
5.36376833307504741e-02
5.35086185620621477e-02
5.33756672245407834e-02
5.33614862701647374e-02
5.33588376807533418e-02
5.33186091164906811e-02
5.32624624707345937e-02
5.32434406162368701e-02
5.32278671857897151e-02
5.32114966692541005e-02
5.32066576123823229e-02
5.31846544488438072e-02
5.30161761896340150e-02
5.29725786303268248e-02
5.29265057311379891e-02
5.28819187186335832e-02
5.28769338716684884e-02
5.27806019915602539e-02
5.26898563297979461e-02
5.26416438024550626e-02
5.26336476907427533e-02
5.26287598432915657e-02
5.25663973872218249e-02
5.25560578693585606e-02
5.25463486477828826e-02
5.24324975740589685e-02
5.24117414235517193e-02
5.23269997547886820e-02
5.22928303642603703e-02
5.22502312390478452e-02
5.21562080173019471e-02
5.20821138680173101e-02
5.20485030024258541e-02
5.19197744545986176e-02
5.18635075879401233e-02
5.18530547716484352e-02
5.18357935048357477e-02
5.17858738922459122e-02
5.16615318746959790e-02
5.16004111200832893e-02
5.15843973419104138e-02
5.14880712090933432e-02
5.14289979113341164e-02
5.14219819394969996e-02
5.14084424362915016e-02
5.13210542434735170e-02
5.13205958476062180e-02
5.13127035654663763e-02
5.12975304360430220e-02
5.12721815189799771e-02
5.12474531949769496e-02
5.12108133475232402e-02
5.09668630137445205e-02
5.09654502878900614e-02
5.09505903007044236e-02
5.09462476978541842e-02
5.09146937751072184e-02
5.09031745574122646e-02
5.08353105290365870e-02
5.07475306472040186e-02
5.07070166051763263e-02
5.05764482515912231e-02
5.05621908020237182e-02
5.05381896221699864e-02
5.04842538563773369e-02
5.04551583814925458e-02
5.04402463824676767e-02
5.04366041117417993e-02
5.04152954979106976e-02
5.03854953402659150e-02
5.03588220194946534e-02
5.03513490023896754e-02
5.03446039592468364e-02
5.02852463962420518e-02
5.01735601373078238e-02
5.00789471776707240e-02
4.99294611934071042e-02
4.99293538376025942e-02
4.98920921135574610e-02
4.98494348640288742e-02
4.98406979644095902e-02
4.97157930649830757e-02
4.97095858517369871e-02
4.96948731132706781e-02
4.96764747110962218e-02
4.96231786228880090e-02
4.96078869043847723e-02
4.95953463821455290e-02
4.95801897176036191e-02
4.94299628929684917e-02
4.93986851565843821e-02
4.93495077781940100e-02
4.92961660208051100e-02
4.92505698687435642e-02
4.92328665390178583e-02
4.91904138257866150e-02
4.91596164233294858e-02
4.89786406003261676e-02
4.89257310181510224e-02
4.88041163415715434e-02
4.87840962591567576e-02
4.87803571216705867e-02
4.86599380109951005e-02
4.85728335305515083e-02
4.84156535562510482e-02
4.83134453359585839e-02
4.83127219775091321e-02
4.83073143856728310e-02
4.83070899307535967e-02
4.82523110510987563e-02
4.81834664844403154e-02
4.81289044240827552e-02
4.80931898000368438e-02
4.80004900921020064e-02
4.78792644564341244e-02
4.77365012156415677e-02
4.77046520915553676e-02
4.76914002116826663e-02
4.76734326029703559e-02
4.75934658745973543e-02
4.75790965493057272e-02
4.75707958599122585e-02
4.75428030394385512e-02
4.75378767888977039e-02
4.74610774142210853e-02
4.74081723182893586e-02
4.74034747418005040e-02
4.73425240799254035e-02
4.72917076674888581e-02
4.72789939523030403e-02
4.72771370490933721e-02
4.72071633356226442e-02
4.71568779488577630e-02
4.70940856351033527e-02
4.70138247220812655e-02
4.69487261862976055e-02
4.69185228446706223e-02
4.69021648598797539e-02
4.68895235772786162e-02
4.68873543178167929e-02
4.68794124380550320e-02
4.66810682241434183e-02
4.66419766951837456e-02
4.66092082653367309e-02
4.65783007109843022e-02
4.65667462006063293e-02
4.65627568610963924e-02
4.65362130254307130e-02
4.65353970500439612e-02
4.65053757215627001e-02
4.64375186618022351e-02
4.64353614650774016e-02
4.62858324592426845e-02
4.62072596586903181e-02
4.62053601952503792e-02
4.61864349847994626e-02
4.60035990381969032e-02
4.59833374100946102e-02
4.59300675943520934e-02
4.58102868295786683e-02
4.57518587670634261e-02
4.57400226173763566e-02
4.57294042255150870e-02
4.57041854023228639e-02
4.57004605469342601e-02
4.55653623486173553e-02
4.55230414763375876e-02
4.54494484609131930e-02
4.54006485757785030e-02
4.53621497209786978e-02
4.53486207282083470e-02
4.52649493835365138e-02
4.52228982946375133e-02
4.51812555652311154e-02
4.51414576358398559e-02
4.51327024871886820e-02
4.51321969488346839e-02
4.51144624292614121e-02
4.50910229039377386e-02
4.49964277132713156e-02
4.49122019782168119e-02
4.48860732088432329e-02
4.47895822945003005e-02
4.47818594050559959e-02
4.47530607098502661e-02
4.47071977184001837e-02
4.46535364402432175e-02
4.46526915979090291e-02
4.46290105645065147e-02
4.45946260859213864e-02
4.45272607536483650e-02
4.43878433300777947e-02
4.43244433826970249e-02
4.43197401601117397e-02
4.42466373614362474e-02
4.42019111900823422e-02
4.41969959731965609e-02
4.41605631192524620e-02
4.41473254782324895e-02
4.41325074233749198e-02
4.41301129559734870e-02
4.40404386199086950e-02
4.39914516592429458e-02
4.39386242980582542e-02
4.39282568268253640e-02
4.39231241115165053e-02
4.38523204677937206e-02
4.38495531227714314e-02
4.38148001171180870e-02
4.37789946744710501e-02
4.37685122591389003e-02
4.37454655915491750e-02
4.37064336244681259e-02
4.36652858593903626e-02
4.36308507048155242e-02
4.36100026551690251e-02
4.35600501645063767e-02
4.35242515180656320e-02
4.35172894908401886e-02
4.34144468270538583e-02
4.34068212195882347e-02
4.33796283474600641e-02
4.33295839443388689e-02
4.33179073304081202e-02
4.32636086260240679e-02
4.32456391933306594e-02
4.32044946525088000e-02
4.31881024976485256e-02
4.31170738963382663e-02
4.30264842272065767e-02
4.29504045609752014e-02
4.29377079995874114e-02
4.29288256151196118e-02
4.28832883882083113e-02
4.28352373370701894e-02
4.28222263392774236e-02
4.27745062819573432e-02
4.27491668185012094e-02
4.26520140231541472e-02
4.26392895614479753e-02
4.26293538403407501e-02
4.26290083012706641e-02
4.26254163014950435e-02
4.25727954907663617e-02
4.25304719965474490e-02
4.23724195335914641e-02
4.23645474545660330e-02
4.23233869082160347e-02
4.23178494527050100e-02
4.23070508940814466e-02
4.22986578369444338e-02
4.22918264017003373e-02
4.21942582774596509e-02
4.20981326352485585e-02
4.20200969140187217e-02
4.19378340058577034e-02
4.19082138024388651e-02
4.19022440503654045e-02
4.16638104756724276e-02
4.16562850296808285e-02
4.16292979049070269e-02
4.16260036075800782e-02
4.15970364169099202e-02
4.15738309591716093e-02
4.15367423255313742e-02
4.15222475017071810e-02
4.14635735038697481e-02
4.14310247640927790e-02
4.14228706168152661e-02
4.14198533215641151e-02
4.13337857816007612e-02
4.12723856295166280e-02
4.12628114321886910e-02
4.12619489901241629e-02
4.12607469105983685e-02
4.12444539770529112e-02
4.12406756344474226e-02
4.12301101629321612e-02
4.11400563643737963e-02
4.10966909049289633e-02
4.10924339999805405e-02
4.10489784471061783e-02
4.10085231341845505e-02
4.09931939534839973e-02
4.09681187621734749e-02
4.09335129179344073e-02
4.09288296166819901e-02
4.08928640539810151e-02
4.08915647186993761e-02
4.08481242451366952e-02
4.08438956645175502e-02
4.08384625936570392e-02
4.08349054714740867e-02
4.08040957064401480e-02
4.07790703954092823e-02
4.07730016837855244e-02
4.07634195131982430e-02
4.06899071747301652e-02
4.06523355792187194e-02
4.06154802102043980e-02
4.05598276773512720e-02
4.04925728591053122e-02
4.04707121777595283e-02
4.04457222653918300e-02
4.03610298138781243e-02
4.03317950231675965e-02
4.02776062839679191e-02
4.02617506962752586e-02
4.01985354416146620e-02
4.01027401889807247e-02
4.00965528503311117e-02
4.00770290980777960e-02
4.00527385973968447e-02
4.00380645216577569e-02
4.00342971930716940e-02
4.00053583478960847e-02
3.99880234380799657e-02
3.99800887417285436e-02
3.99722457011051566e-02
3.99592030226142841e-02
3.99505898905123946e-02
3.99333087773043188e-02
3.99117630485939581e-02
3.98937076770382176e-02
3.98126498516161859e-02
3.98008923705445716e-02
3.96293322140779392e-02
3.96278002342005664e-02
3.96191504473868833e-02
3.96024570458450784e-02
3.95793282228517271e-02
3.95195023084971148e-02
3.94068987040228913e-02
3.94036324263893553e-02
3.93910935141879720e-02
3.93852097441557969e-02
3.93364624975307484e-02
3.92482018836368476e-02
3.92454215672835352e-02
3.92341955851349261e-02
3.92285708990178089e-02
3.91921228665730662e-02
3.91326173733382229e-02
3.91304959423135340e-02
3.91268102497455902e-02
3.91200153131580075e-02
3.90252401817707956e-02
3.90153813969705068e-02
3.89183120095883475e-02
3.88694898858193763e-02
3.88399894715704963e-02
3.88197389516165142e-02
3.88126503209362470e-02
3.87988615221149385e-02
3.87630512728273369e-02
3.87185509020180549e-02
3.86782893767641661e-02
3.86507071683331802e-02
3.85917744021389564e-02
3.85737809036131168e-02
3.85653326122303367e-02
3.85055784764241488e-02
3.84848738386139311e-02
3.84449325998981045e-02
3.84171306702374774e-02
3.84103017802019595e-02
3.83724766769555706e-02
3.82911629289770586e-02
3.82495840655137503e-02
3.81859070809370676e-02
3.81420141294064388e-02
3.80756168022204008e-02
3.80739236822614444e-02
3.80485457642187261e-02
3.80447387678180260e-02
3.80278130643929985e-02
3.80006662707615267e-02
3.79884402404692748e-02
3.79864146965682090e-02
3.79784558120692534e-02
3.79650516431696561e-02
3.79180390276926821e-02
3.78948682405221490e-02
3.78771394115831952e-02
3.78759068710565888e-02
3.78730078475069329e-02
3.78525833950357007e-02
3.78379822798312546e-02
3.78295398425035137e-02
3.77257855901002512e-02
3.76260398755595971e-02
3.75956926046212905e-02
3.75578003222619763e-02
3.75496844384073034e-02
3.75414202613552489e-02
3.75290037335301724e-02
3.74939862302725233e-02
3.74873180312254375e-02
3.74799948450079343e-02
3.74612225408654034e-02
3.74365438976101139e-02
3.74320521810150575e-02
3.74173806964669883e-02
3.73793770519539326e-02
3.73497890257118922e-02
3.73422186816049009e-02
3.73121020170737033e-02
3.71797961544793332e-02
3.71786194912894358e-02
3.70850828874112956e-02
3.70190871220622275e-02
3.69863881021262608e-02
3.69479889370893100e-02
3.69065041505168279e-02
3.68564059684300463e-02
3.67979649649041174e-02
3.67423530105186330e-02
3.67358783992677226e-02
3.67196044480742334e-02
3.66919187363077964e-02
3.66737719349998006e-02
3.66427381248688108e-02
3.66166138152746179e-02
3.65649729989308558e-02
3.65087581570336522e-02
3.64436666853722863e-02
3.63793102196769344e-02
3.63355071869152363e-02
3.60962019153203695e-02
3.60737820880487753e-02
3.60290618411560348e-02
3.59960697050909981e-02
3.59270060743091049e-02
3.59262046104556476e-02
3.59001324859026388e-02
3.58970597998529775e-02
3.58833494765130046e-02
3.58182071751503087e-02
3.57838972103616537e-02
3.57669919116741231e-02
3.57453183262117502e-02
3.57292452524015300e-02
3.56807994552005917e-02
3.56426597128424935e-02
3.55565720626149426e-02
3.55247627275699085e-02
3.54498262794016999e-02
3.53588239805211410e-02
3.53313097585382374e-02
3.52670758430498540e-02
3.52502356393695551e-02
3.52083172454630347e-02
3.51504976142993919e-02
3.51480113398237107e-02
3.50693610964318420e-02
3.50639254981799653e-02
3.50372899375359509e-02
3.50160611675349107e-02
3.50064779270218007e-02
3.50026014814784486e-02
3.50019510422031194e-02
3.50009564154968728e-02
3.49311269978983610e-02
3.48521909168954397e-02
3.48503423645993848e-02
3.48414226675800923e-02
3.48183814030536345e-02
3.47523807011073591e-02
3.47412493898280883e-02
3.47350448946908558e-02
3.47322086733571345e-02
3.47279040406911002e-02
3.47268258130102661e-02
3.47202693221119463e-02
3.47140410778141936e-02
3.46794981401348859e-02
3.46159375967009381e-02
3.45927246217893128e-02
3.45289113773932441e-02
3.45230155435559405e-02
3.45105351326773155e-02
3.44620466965006311e-02
3.44532169324453658e-02
3.43953549275533843e-02
3.43875366218506506e-02
3.43572117154310255e-02
3.43515044303542433e-02
3.43377852887803425e-02
3.43047490125754639e-02
3.42604386039889117e-02
3.42039303569706549e-02
3.41975655098114631e-02
3.41941007004143566e-02
3.41746162832866629e-02
3.41011734785164194e-02
3.40693277657626234e-02
3.40294134392690809e-02
3.39867191820438230e-02
3.39864658430191896e-02
3.39774611091922599e-02
3.37808367365968337e-02
3.37695018129164706e-02
3.37593165877257476e-02
3.37524755116661926e-02
3.36813928107309729e-02
3.36600895061635388e-02
3.36486985080840517e-02
3.36341679451846870e-02
3.36207579804181367e-02
3.35964811687387774e-02
3.35829801069817760e-02
3.35443866488635001e-02
3.34578419532069390e-02
3.33075106825012415e-02
3.32550456823409377e-02
3.31835816568524580e-02
3.31735738794646726e-02
3.31702922018019472e-02
3.31688509557419228e-02
3.31030310212596726e-02
3.31018965324880940e-02
3.30186216633918533e-02
3.29985983056128376e-02
3.29964592187639988e-02
3.28747028490484761e-02
3.28719119112123384e-02
3.28349462759493990e-02
3.28325815877118302e-02
3.28307578040010761e-02
3.25939130952316372e-02
3.25932343216936704e-02
3.25798144689786809e-02
3.25749145607022381e-02
3.25666340749064462e-02
3.25126052184614434e-02
3.25071166332240730e-02
3.25006086551669210e-02
3.24948427310923493e-02
3.24901726542758257e-02
3.24656233185577139e-02
3.24584916799204246e-02
3.24443800799842988e-02
3.24397597062165630e-02
3.24346645107839310e-02
3.24228936017617111e-02
3.24178394155871311e-02
3.23979937280343896e-02
3.23640616691910007e-02
3.23350503013896881e-02
3.23241990848879418e-02
3.23201816501183167e-02
3.22634187193718697e-02
3.22540517910023458e-02
3.22435926317823432e-02
3.22068384084679832e-02
3.21846903892559627e-02
3.21525220274357648e-02
3.21336374330815425e-02
3.21325218097555029e-02
3.20232328950206882e-02
3.20053271206021325e-02
3.19778914041039530e-02
3.19767287956194690e-02
3.19579631666654859e-02
3.19113077144698165e-02
3.18947347505854767e-02
3.18477354795862269e-02
3.18327857787748733e-02
3.18231433472742214e-02
3.17934010484602000e-02
3.17259952822943544e-02
3.16962515632924907e-02
3.16677179120592039e-02
3.16334829045030255e-02
3.16224641041295065e-02
3.15955426947383267e-02
3.15768475721432476e-02
3.15618843391751239e-02
3.15495841614419903e-02
3.15259778854687922e-02
3.15147848275436140e-02
3.14875604555392707e-02
3.14816770646017402e-02
3.14617063874189293e-02
3.14563001078981760e-02
3.14279909893641976e-02
3.14033040824331644e-02
3.13668367645270271e-02
3.13355452073892371e-02
3.12837471819792587e-02
3.12811165493078955e-02
3.11610569697191517e-02
3.11541519798670466e-02
3.11521954165241352e-02
3.11471805183940707e-02
3.11417730743405764e-02
3.11367750225299000e-02
3.11300979237118837e-02
3.11172339299174532e-02
3.11155554761033751e-02
3.10490077076377990e-02
3.10227276764234831e-02
3.10047994610606545e-02
3.09891944229922639e-02
3.09639947755608290e-02
3.09603335759983216e-02
3.09550894323755987e-02
3.09187811087103144e-02
3.08849350546184682e-02
3.08024574110303713e-02
3.07998006909270296e-02
3.07504326293858918e-02
3.07172678402536890e-02
3.06918188188023654e-02
3.06723536704340514e-02
3.06255792280796905e-02
3.06210435129419672e-02
3.05811596617696704e-02
3.05703855347272645e-02
3.05419722243000270e-02
3.05058179935288887e-02
3.05041973517996660e-02
3.04626958583541670e-02
3.04546026748519390e-02
3.04338973927305682e-02
3.03598773984899775e-02
3.03371755250914366e-02
3.02672032851571300e-02
3.02629020532903248e-02
3.02488775091435853e-02
3.02342259065650036e-02
3.01522821035315781e-02
3.01334156819206798e-02
3.01228452866853132e-02
3.01014856227633729e-02
3.00818417813626081e-02
3.00787993922770856e-02
3.00741534197978312e-02
3.00736821274874763e-02
3.00598645127496365e-02
3.00390850725353840e-02
2.99862427753832227e-02
2.99225306282970768e-02
2.98169499068977155e-02
2.97429025468018901e-02
2.97370167381821142e-02
2.96628100371580973e-02
2.96584295158544703e-02
2.96455499497292677e-02
2.96335509934184047e-02
2.95857349969017060e-02
2.95790378483193721e-02
2.95577015343802159e-02
2.95564762317339740e-02
2.95432586300420422e-02
2.95412205225738453e-02
2.95359777054631650e-02
2.95330866846265742e-02
2.94648884473587003e-02
2.94202195996436169e-02
2.94160639704200248e-02
2.94030673070640632e-02
2.93874319978520981e-02
2.93350804790986214e-02
2.92985975637389921e-02
2.92898035241413272e-02
2.92782507091314953e-02
2.92161887725906795e-02
2.92159767486330491e-02
2.92028428772068763e-02
2.91821467078729399e-02
2.91293959797304831e-02
2.90932550237109865e-02
2.90695772480830950e-02
2.90466370906866354e-02
2.90376042251381042e-02
2.90174807099088453e-02
2.90147930561514313e-02
2.89041047497533114e-02
2.88788735991081444e-02
2.87745854722296461e-02
2.87222990498810088e-02
2.87101233665436745e-02
2.86785505579452323e-02
2.85888864504615266e-02
2.85772282113502182e-02
2.85731507812521518e-02
2.85445564662831844e-02
2.85232595592002092e-02
2.85203177935287391e-02
2.85127444574249309e-02
2.85124829524012607e-02
2.85010086773883099e-02
2.84801662878467199e-02
2.84440519163632888e-02
2.84330534664856520e-02
2.84302072383435245e-02
2.84044943485636907e-02
2.83987294418468345e-02
2.83983558833780479e-02
2.83691809685073272e-02
2.83001899974779300e-02
2.82719453959487006e-02
2.82662059334405392e-02
2.82343375026462180e-02
2.82157732769149870e-02
2.81989323988257427e-02
2.81795537012451136e-02
2.81245327071242522e-02
2.81047269819598641e-02
2.80637109572169120e-02
2.80442856884580392e-02
2.80098733583951688e-02
2.80057733652927868e-02
2.79773743573280068e-02
2.79448041414659294e-02
2.78839032956756001e-02
2.78684816097924566e-02
2.78619437223343001e-02
2.77824890246473472e-02
2.77692925989789403e-02
2.77275469609747742e-02
2.77200850910246724e-02
2.77086928770193044e-02
2.76567354288802178e-02
2.76134030239815094e-02
2.75922828328950577e-02
2.75843059055848848e-02
2.75800513786664155e-02
2.75744459859458800e-02
2.75575518858462466e-02
2.75013381515547550e-02
2.74986230731818354e-02
2.74792811626071096e-02
2.74680241019716401e-02
2.74663622564514827e-02
2.74661317824575722e-02
2.74375210167932711e-02
2.74297873664852698e-02
2.73985690669659512e-02
2.73923080947658902e-02
2.73898503909455714e-02
2.73814640649761749e-02
2.73318022495535606e-02
2.73263664395257920e-02
2.73110634653880580e-02
2.72773646340705098e-02
2.71563922972062506e-02
2.70831560761996687e-02
2.70560200983992680e-02
2.70315334349464399e-02
2.69726296022670675e-02
2.69603902103045245e-02
2.69065591041391279e-02
2.68882142107819376e-02
2.68852079547462243e-02
2.68839820085239149e-02
2.68832965203076833e-02
2.68735055366954613e-02
2.68201532430615355e-02
2.67117995301956075e-02
2.66526232750114618e-02
2.66188738528924142e-02
2.66162175404463415e-02
2.66123066335729741e-02
2.65747814475387999e-02
2.65584918560349791e-02
2.65580201971113705e-02
2.65393992214795482e-02
2.65144162657013870e-02
2.65096762464894914e-02
2.64588810421251402e-02
2.64191071781260736e-02
2.63079690552519632e-02
2.63064314927981269e-02
2.63030182614080454e-02
2.62398803679778532e-02
2.62384795687549757e-02
2.62335800055169821e-02
2.62321155730988638e-02
2.62142290043964853e-02
2.61967162076236042e-02
2.61865815541160452e-02
2.61843386613686488e-02
2.61623938875673694e-02
2.61562691956437991e-02
2.60997935621498679e-02
2.60950222790406160e-02
2.60814594112942950e-02
2.60782675331247618e-02
2.60507615365919813e-02
2.60298672229479014e-02
2.59984686128408964e-02
2.59866118950428868e-02
2.59829952792374232e-02
2.59761195062344803e-02
2.59614717233773579e-02
2.59521044461620068e-02
2.59403949903260038e-02
2.59208355975337375e-02
2.58918690032164875e-02
2.58815181901585270e-02
2.58756985071582624e-02
2.58671378191434008e-02
2.58547137026486212e-02
2.58343851502394438e-02
2.58329808465293069e-02
2.58309901775504551e-02
2.57963329233526564e-02
2.57952441037427975e-02
2.57765359018662654e-02
2.57542401346620674e-02
2.57464084639117859e-02
2.57459612430719839e-02
2.56929621007397149e-02
2.56718679746846673e-02
2.56653920712177179e-02
2.56579161917259192e-02
2.56480042694255846e-02
2.56164572836028934e-02
2.56119185187317841e-02
2.56112146468376878e-02
2.55920158076743155e-02
2.55702759682188800e-02
2.55699311647034633e-02
2.55632662657242632e-02
2.55495855651754998e-02
2.55443487609572951e-02
2.55411686224844975e-02
2.55366586255183284e-02
2.55323751346895889e-02
2.54607002344931915e-02
2.54330235997317251e-02
2.53852061431341196e-02
2.53663622984157539e-02
2.53434829905213287e-02
2.52973260428589579e-02
2.52491380234115791e-02
2.52471067139339450e-02
2.52207640466889961e-02
2.52179033778867807e-02
2.51187038422921345e-02
2.51160208186134645e-02
2.51150598706822610e-02
2.50587711989695532e-02
2.50479551317529213e-02
2.50057785238966650e-02
2.49982738556958350e-02
2.49813351406835242e-02
2.49774792180506300e-02
2.49759433550087520e-02
2.49740394774647864e-02
2.49666368098207213e-02
2.49541356735296059e-02
2.48826667689060893e-02
2.48660054629861946e-02
2.48611279911152110e-02
2.48324616849607063e-02
2.48112561492884361e-02
2.48074830937538258e-02
2.47995998128935705e-02
2.47797132698224405e-02
2.47466039816115965e-02
2.47328754924987342e-02
2.47315979102889494e-02
2.47292568202216942e-02
2.47219488166160462e-02
2.46983491552623356e-02
2.46734310327552213e-02
2.46320493071627532e-02
2.46063659348619082e-02
2.45738769576314860e-02
2.45623003671145562e-02
2.45443488743874901e-02
2.44922282998074302e-02
2.44540649892328009e-02
2.44533465268062210e-02
2.44447612134237498e-02
2.44419994076809192e-02
2.43988469366458842e-02
2.43390883527839635e-02
2.43289050963442846e-02
2.43259856084749003e-02
2.43122201344427927e-02
2.42912389402763530e-02
2.42607366270472247e-02
2.42439145624933662e-02
2.42301859256750379e-02
2.42170359232320408e-02
2.42133289260918205e-02
2.41931143760645596e-02
2.41552621071918043e-02
2.41129947518414281e-02
2.41019147952547461e-02
2.40925559366068284e-02
2.40779940653764561e-02
2.40775322279746691e-02
2.40686776117456543e-02
2.40536759892611904e-02
2.40453509880525322e-02
2.40018881547194585e-02
2.39283433415614435e-02
2.39267782308133399e-02
2.39264972290556231e-02
2.39234219001801356e-02
2.38956612759072887e-02
2.38607880944696725e-02
2.38465571618070860e-02
2.38336187673564015e-02
2.38157367613904998e-02
2.37960638995259530e-02
2.37851767553100939e-02
2.37835212815359423e-02
2.37554723707233580e-02
2.37087676830059838e-02
2.37086406123398312e-02
2.36989657039762512e-02
2.36953269868604155e-02
2.36583616800123166e-02
2.36480796470256126e-02
2.36248814780767522e-02
2.36050224069414664e-02
2.35947397990858669e-02
2.35595465166484296e-02
2.35306875522505697e-02
2.35153453691350212e-02
2.34864629284236813e-02
2.34630404085907282e-02
2.34218617565888527e-02
2.33705356987980555e-02
2.33654906443113396e-02
2.33521769694139299e-02
2.33081414715727436e-02
2.32444264323834332e-02
2.32407654384412625e-02
2.32231542722104757e-02
2.32164586621697207e-02
2.31742372594799656e-02
2.31270094646131470e-02
2.31089973971078839e-02
2.30912298339909956e-02
2.30728667094065032e-02
2.30674192880214596e-02
2.30616732208077553e-02
2.30533915328192708e-02
2.30335735556610119e-02
2.30226353397302123e-02
2.30202926582221204e-02
2.29861862108652268e-02
2.29805991886424810e-02
2.29498641914033692e-02
2.29200474787736828e-02
2.29162578566186291e-02
2.29014190950147245e-02
2.29003943244716381e-02
2.28695612345123887e-02
2.28498192560156604e-02
2.28097052937267578e-02
2.28090407329715229e-02
2.27927743976833359e-02
2.27896011934320443e-02
2.27874924564643450e-02
2.27837231609523093e-02
2.27732200859012308e-02
2.27692318551684612e-02
2.27672719111108486e-02
2.27572115421365399e-02
2.27311004921937551e-02
2.26931204281419184e-02
2.26758033003913000e-02
2.26656099489507441e-02
2.26636962837760102e-02
2.26407321541229889e-02
2.25415726439923900e-02
2.25309395696937989e-02
2.25161057717452873e-02
2.25120303032683780e-02
2.25095159201934882e-02
2.24693771417777029e-02
2.24336287172794795e-02
2.24293387793718102e-02
2.24209130543782074e-02
2.24134553616194519e-02
2.23623670877565739e-02
2.23522671546970038e-02
2.23430380571860467e-02
2.23087116780025657e-02
2.22982919220939824e-02
2.22849849069049824e-02
2.22842785590546232e-02
2.22509355998405968e-02
2.22434301541430644e-02
2.22289531540538765e-02
2.22228635888559907e-02
2.22147667236740690e-02
2.21795112654159833e-02
2.21612403099631199e-02
2.21501623260109762e-02
2.21466435513870130e-02
2.21386147082469932e-02
2.21325060171090916e-02
2.21292771510376990e-02
2.20969304912501489e-02
2.20906184801771509e-02
2.20735216074556574e-02
2.20662472228583713e-02
2.20419350685524401e-02
2.19579602347875318e-02
2.19389496835736136e-02
2.18798407537082566e-02
2.18757848704914798e-02
2.18660900565915903e-02
2.17966216884929662e-02
2.17943487442396715e-02
2.17869156593429349e-02
2.17730601208906485e-02
2.17690297811356723e-02
2.17511678881143859e-02
2.17373634610988527e-02
2.17110556245497938e-02
2.16696685170453089e-02
2.16612937368174802e-02
2.16461746068406409e-02
2.16352105959570912e-02
2.15967769751750360e-02
2.15601606528214515e-02
2.15385409919360039e-02
2.15280498012176205e-02
2.15225979722675313e-02
2.15109498915467372e-02
2.14985776679063739e-02
2.14881000846655970e-02
2.14844685354701678e-02
2.14755051865143723e-02
2.14595906094661067e-02
2.14550369540058433e-02
2.14177372375075059e-02
2.13878813049444005e-02
2.13809781524874863e-02
2.13683056685722503e-02
2.13566701990841427e-02
2.13493089683516879e-02
2.12905753293488390e-02
2.12808189879846593e-02
2.12731993888090817e-02
2.12682446286457140e-02
2.12608290204290076e-02
2.12427344572942746e-02
2.11722049613492155e-02
2.11612666806341616e-02
2.11500745980793513e-02
2.11124877045256558e-02
2.10915278975625647e-02
2.10847752356246101e-02
2.10674423058182653e-02
2.10646894061350121e-02
2.10575552139526702e-02
2.10547882949327324e-02
2.10288414705587026e-02
2.10237258250208087e-02
2.10220663696947634e-02
2.09876766675509939e-02
2.09727847990553821e-02
2.09723373033868718e-02
2.09690421291752228e-02
2.09497085933628840e-02
2.09485831481821400e-02
2.09054184355277131e-02
2.08954590168314198e-02
2.08747202973676403e-02
2.08529591656067687e-02
2.08499832298231491e-02
2.08383460473827060e-02
2.08236887801352029e-02
2.08077728085213423e-02
2.08070411396989972e-02
2.07830838426608273e-02
2.07797281574234917e-02
2.07744192029753888e-02
2.07624824273178014e-02
2.07556200705054650e-02
2.07434218018313181e-02
2.07419992665417302e-02
2.07325314136396245e-02
2.07318199903619091e-02
2.07317184349194647e-02
2.07204885677481875e-02
2.07164096955114591e-02
2.07097433767528816e-02
2.06833169486505888e-02
2.06803693512678972e-02
2.06511190470639767e-02
2.06448249501941621e-02
2.06382438400687963e-02
2.06187337499177566e-02
2.06141054852888479e-02
2.06078053625203574e-02
2.05994115396303627e-02
2.05876338000452047e-02
2.05789127899243564e-02
2.05691530278317020e-02
2.05629676667099803e-02
2.05610265446615620e-02
2.05309975752678807e-02
2.05198769075400668e-02
2.04737880758615390e-02
2.04721718061720848e-02
2.04406850272549033e-02
2.04199280177153331e-02
2.04110765013047792e-02
2.04079823956376805e-02
2.03730620576802017e-02
2.03115023548267638e-02
2.02984503234018149e-02
2.02814227551303128e-02
2.02775157308348261e-02
2.02653221715040598e-02
2.02630172926028009e-02
2.02601342823183136e-02
2.02597396247591217e-02
2.02050846457794073e-02
2.01907642792207853e-02
2.01800948116531084e-02
2.01600601090478303e-02
2.01495687462238324e-02
2.01416160394447472e-02
2.01331976622232643e-02
2.01317761419012864e-02
2.01019650575830905e-02
2.00806158862783142e-02
2.00787393195230521e-02
2.00686847102744606e-02
2.00468280304566537e-02
2.00249560752041554e-02
2.00084198514604641e-02
1.99894810224223556e-02
1.99887301714827791e-02
1.99714766765394409e-02
1.99696065796690220e-02
1.99673957667525180e-02
1.99426501332995373e-02
1.99397474496316000e-02
1.99079553676012842e-02
1.99063122220271109e-02
1.98941396486487405e-02
1.98838484462548655e-02
1.98758931633019678e-02
1.98372869802467197e-02
1.98356644780748222e-02
1.98234603644545891e-02
1.98214227808450397e-02
1.98188440041857372e-02
1.98066169425949630e-02
1.97869867180009186e-02
1.97853774990398822e-02
1.97496971830045422e-02
1.97350739750205735e-02
1.97326310929986579e-02
1.97274027668488880e-02
1.97263820774989003e-02
1.97060330978275841e-02
1.96998647506499008e-02
1.96969646677740834e-02
1.96934609085344103e-02
1.96791931648917402e-02
1.96780019063808563e-02
1.96487034631480234e-02
1.96435041412378261e-02
1.96301419525154244e-02
1.96296466587390465e-02
1.96223890119404352e-02
1.96130842157758202e-02
1.96106704693569112e-02
1.95990314725120879e-02
1.95976747609129462e-02
1.95722541718645442e-02
1.95673618710284665e-02
1.95535722383480548e-02
1.95514211629340059e-02
1.95449799862165811e-02
1.94814472718827653e-02
1.94508064145044006e-02
1.94186398720822065e-02
1.94042733502595849e-02
1.93894492789847932e-02
1.93880744106748083e-02
1.93705990921973527e-02
1.93705600225635155e-02
1.93659386723047285e-02
1.93317742696696611e-02
1.93204107556558327e-02
1.93079653915746129e-02
1.93019812728088443e-02
1.92706242000353217e-02
1.92180413396670670e-02
1.91940803211556148e-02
1.91881787611355575e-02
1.91656226760135093e-02
1.91651160212145885e-02
1.91639851705260635e-02
1.91389802624914243e-02
1.91270254275254480e-02
1.91261099716281170e-02
1.90999856532774355e-02
1.90713808562497852e-02
1.90503730393392252e-02
1.90458698964020220e-02
1.90376712761797517e-02
1.90138621564658397e-02
1.89956657310009006e-02
1.89902208894049407e-02
1.89444177976313861e-02
1.89048068317223192e-02
1.89015425385065244e-02
1.88756343080297671e-02
1.88740798101276926e-02
1.88281305638582606e-02
1.88201487452211991e-02
1.88148724455988181e-02
1.88042400905760153e-02
1.87870848434093102e-02
1.87854753399295700e-02
1.87410908941835520e-02
1.87043186833045806e-02
1.86974097404652151e-02
1.86843933157104757e-02
1.86588879522154270e-02
1.86546403212804884e-02
1.86536757075351639e-02
1.86536365623827874e-02
1.86473372803763193e-02
1.86299755711530693e-02
1.86152671022882799e-02
1.86144163124615999e-02
1.86134152304704530e-02
1.86068864909527537e-02
1.85860952376216589e-02
1.85755984650673132e-02
1.85629570482722904e-02
1.84885111130111551e-02
1.84679305220321575e-02
1.84623011783897825e-02
1.84472287919995072e-02
1.84456007446504554e-02
1.84449917127347401e-02
1.84318202920503472e-02
1.84157196000495418e-02
1.84082190371324533e-02
1.84025958600306482e-02
1.83877758787308540e-02
1.83782844945969449e-02
1.83711518445851228e-02
1.83412507801227059e-02
1.83067728403272095e-02
1.82770561349044416e-02
1.82650307346745103e-02
1.82642955334840797e-02
1.82592755448773778e-02
1.82568156619486686e-02
1.82385444899212067e-02
1.82239158586217503e-02
1.82066421661179027e-02
1.81963114657931017e-02
1.81919553920014340e-02
1.81886949510365915e-02
1.81858910758338904e-02
1.81660503387505480e-02
1.81608631229650437e-02
1.81528867989833101e-02
1.81493542647176327e-02
1.81403716135308535e-02
1.81250399215630784e-02
1.81187847716614836e-02
1.81179235974328508e-02
1.81102091869864389e-02
1.80903965541678972e-02
1.80889648376102510e-02
1.80812218273841696e-02
1.80752854730042260e-02
1.80752401360356509e-02
1.80697645321975832e-02
1.80651146696687477e-02
1.80647715468011637e-02
1.80318632109238708e-02
1.80113404027267693e-02
1.80053054741243571e-02
1.79881176991279826e-02
1.79760471596417983e-02
1.79502984129296904e-02
1.79287926988454249e-02
1.79046999746298938e-02
1.78990482605176707e-02
1.78893003933308474e-02
1.78872700871441116e-02
1.78838603193200406e-02
1.78799671354547586e-02
1.78778671654076099e-02
1.78776206317284025e-02
1.78714626547028348e-02
1.78673235187139720e-02
1.78608109893590855e-02
1.78270005145770051e-02
1.78108508302578204e-02
1.77871070208137812e-02
1.77723616071785023e-02
1.77708245954163388e-02
1.77517192103652799e-02
1.77345442802434410e-02
1.77287044124925242e-02
1.77225360860204864e-02
1.77072971995373210e-02
1.76671894420853924e-02
1.76503297996228777e-02
1.76426577817733431e-02
1.76329845175557144e-02
1.76083129030470686e-02
1.76027736647559954e-02
1.75882935552757573e-02
1.75540766604494469e-02
1.75519519765818879e-02
1.75429631594999150e-02
1.75379893883484302e-02
1.75184378940408843e-02
1.75016043600644787e-02
1.74569437142041740e-02
1.74486896942350131e-02
1.74438170681537816e-02
1.74428734463428492e-02
1.74214940301906929e-02
1.73942757862418640e-02
1.73906967933150983e-02
1.73676503771386312e-02
1.73651480246994894e-02
1.73621802608685330e-02
1.73589615794743600e-02
1.73450912482753239e-02
1.73366645444204444e-02
1.73356891149232979e-02
1.73090988868108940e-02
1.72885993831026208e-02
1.72587332330159209e-02
1.72538576979503686e-02
1.72413064006879981e-02
1.72352414366609176e-02
1.72111200770430212e-02
1.72023906523754155e-02
1.71939017468539339e-02
1.71925686080682261e-02
1.71747866999448218e-02
1.71668101520142287e-02
1.71653860810094330e-02
1.71632273523251375e-02
1.71608342102311066e-02
1.71351572608424950e-02
1.71323848863593753e-02
1.71245622954129297e-02
1.70814588032177361e-02
1.70784946094739813e-02
1.70776416151961347e-02
1.70765804376975978e-02
1.70755852769024635e-02
1.70587067652434518e-02
1.70499540203277976e-02
1.70438068392178114e-02
1.70164632727891375e-02
1.70015066513723966e-02
1.69888880721767686e-02
1.69887986992040066e-02
1.69724781457161189e-02
1.69621147262536132e-02
1.69281969680066778e-02
1.69227915116337210e-02
1.69164354399177694e-02
1.69103424403829056e-02
1.68864303898515755e-02
1.68674760943810266e-02
1.68508938573956983e-02
1.68197819106975406e-02
1.68178863828963195e-02
1.68095299018371190e-02
1.67986541291304005e-02
1.67967547941708061e-02
1.67933907355597295e-02
1.67744758206346649e-02
1.67628001264583867e-02
1.67567979641961642e-02
1.67435999769406235e-02
1.67396101815624858e-02
1.66729201349530946e-02
