2.65060342524597092e-01
2.43068850459138536e-01
2.42971358641184659e-01
2.41017495757903821e-01
2.39090317337612018e-01
2.38904254492732199e-01
2.34716717381143886e-01
2.33631255853098435e-01
2.33329574437370652e-01
2.31582111626164516e-01
2.31173889959375795e-01
2.29078200593517439e-01
2.27129964630381098e-01
2.26772654434891308e-01
2.23787592879640035e-01
2.23481720794352107e-01
2.22786137067231549e-01
2.22684864513426034e-01
2.22197073647442733e-01
2.21723386869854044e-01
2.21029924233540509e-01
2.20343765576723888e-01
2.20079357598247288e-01
2.20039156624938059e-01
2.18496396811280413e-01
2.16901353823998555e-01
2.16142254722757526e-01
2.14381411836386204e-01
2.13481561949921211e-01
2.10296223759671497e-01
2.09890753005563119e-01
2.09825152090141742e-01
2.08109286914110125e-01
2.07497279052307054e-01
2.06697784151721103e-01
2.06567251041689243e-01
2.05866131537351255e-01
2.05175633338716051e-01
2.03712748792676368e-01
2.01611485983009153e-01
2.01427135942965546e-01
1.99618360617602630e-01
1.99470745648167358e-01
1.99397855893327536e-01
1.97113843602276850e-01
1.96761740895842974e-01
1.95766820904187178e-01
1.95680883564212454e-01
1.95215581182020925e-01
1.95179564256222848e-01
1.94966726408772051e-01
1.94684147876965169e-01
1.91269772223612300e-01
1.90833617106196674e-01
1.90712800439836516e-01
1.90555218246805574e-01
1.90041305449892978e-01
1.89583943463323579e-01
1.89172438648960939e-01
1.88889637892914547e-01
1.88214082393658028e-01
1.86988121873628232e-01
1.86944430124856703e-01
1.86433545937850276e-01
1.85825219684808474e-01
1.85360689135462525e-01
1.82930961714476981e-01
1.82800278293252155e-01
1.82364670947818303e-01
1.81925660627608538e-01
1.81865087097368261e-01
1.80835002853735272e-01
1.79583121458526673e-01
1.79135657343760329e-01
1.76483831474930936e-01
1.75912016857405928e-01
1.74983051286090402e-01
1.74889426077671634e-01
1.74522106501493635e-01
1.74464328906277583e-01
1.74218477140673345e-01
1.73593577508375868e-01
1.73060068579320658e-01
1.72846258890744092e-01
1.72707906395171945e-01
1.71744805537482559e-01
1.71644204779212300e-01
1.71575650388597345e-01
1.70891013388750596e-01
1.69990280805820210e-01
1.69802138978233652e-01
1.69337514327825900e-01
1.69150277127123966e-01
1.69010271357830616e-01
1.68150610476837492e-01
1.67675245195969880e-01
1.67141873710032918e-01
1.66570287250210863e-01
1.66369400831289177e-01
1.65443051268683167e-01
1.65236520400039499e-01
1.65143695437335397e-01
1.64313744791722838e-01
1.64209962541621901e-01
1.63856117068150425e-01
1.63109712209263014e-01
1.62942053217909916e-01
1.61960932142925784e-01
1.61574852611222092e-01
1.61388182987998868e-01
1.60951647174417983e-01
1.60284689458005281e-01
1.60016190726248231e-01
1.59994478781344179e-01
1.59978678843269412e-01
1.59557651008991053e-01
1.59486114674270901e-01
1.59190448811542012e-01
1.58895310149204189e-01
1.58851771266942443e-01
1.58777500023940338e-01
1.58138188986680056e-01
1.57547871824855634e-01
1.57222407012631932e-01
1.56885612281713521e-01
1.56236165152260326e-01
1.56211937104435095e-01
1.55378506389284438e-01
1.55335528928378569e-01
1.55191351551707934e-01
1.54320320044514653e-01
1.53679656379451191e-01
1.53127006683966005e-01
1.53126282325561802e-01
1.52156517211862657e-01
1.52053459301482424e-01
1.51709645137494270e-01
1.51355351280538036e-01
1.51119555487573332e-01
1.50746785476935097e-01
1.50518536178252865e-01
1.50329224862944977e-01
1.50061105442637177e-01
1.49691924587952024e-01
1.49538313250064447e-01
1.49372907154569079e-01
1.49237093893167416e-01
1.49203469821162615e-01
1.48909851052881764e-01
1.48755743628400078e-01
1.48071271338994087e-01
1.47967382900440175e-01
1.47917311761234960e-01
1.47891219287455911e-01
1.47435248953150522e-01
1.45940997790007215e-01
1.45814550713959629e-01
1.45781897041523140e-01
1.44887858408692588e-01
1.44839659051402836e-01
1.44547774264999374e-01
1.44269653104379142e-01
1.44096444750636932e-01
1.43508587032735335e-01
1.42490339820451783e-01
1.42188859974723719e-01
1.42111264095329232e-01
1.41927248475691575e-01
1.41733950632380340e-01
1.38363657647567306e-01
1.37770349782217416e-01
1.37732389474863604e-01
1.37287916978912017e-01
1.36818408428441840e-01
1.36548830140567845e-01
1.36403198564542472e-01
1.36363175140152809e-01
1.36133074238944524e-01
1.36130966644290252e-01
1.36081698719752814e-01
1.36033181823860705e-01
1.35114025640744539e-01
1.34948318603530987e-01
1.33843402720216442e-01
1.33210794625290313e-01
1.33018007545872591e-01
1.32813813285301840e-01
1.32457015003830336e-01
1.32077383641020590e-01
1.31485412228505294e-01
1.31262757385442630e-01
1.30243413902957350e-01
1.29919607750473454e-01
1.29843675492273714e-01
1.29815294202077491e-01
1.29506261866881994e-01
1.29497290289395717e-01
1.28885661367002941e-01
1.28751230331652977e-01
1.28697761996030502e-01
1.28653577968847771e-01
1.27602359012783662e-01
1.27035136970548940e-01
1.26958954403100344e-01
1.26820428846543737e-01
1.26370823633500079e-01
1.26301915773582463e-01
1.26191683796836124e-01
1.25999942631741080e-01
1.25371119874909759e-01
1.25163616491888063e-01
1.24593798435637934e-01
1.24111290273836897e-01
1.23823389317169644e-01
1.23653978516911192e-01
1.23167398413093945e-01
1.22536521384471478e-01
1.22371607244405461e-01
1.22272293124899997e-01
1.22133308726376871e-01
1.21385099099988306e-01
1.20763057332476942e-01
1.20383056782238013e-01
1.20306396436036522e-01
1.20194245620154891e-01
1.19829900739168660e-01
1.19639585509643945e-01
1.19619924011442474e-01
1.19351642853075757e-01
1.19349631504485451e-01
1.19142013173063707e-01
1.18465001031125589e-01
1.18185278423357604e-01
1.17311997869666437e-01
1.16597230391749018e-01
1.15976508878156415e-01
1.15941470696244470e-01
1.15762660340076581e-01
1.15578572222215625e-01
1.15374977559491665e-01
1.15365478888035999e-01
1.14398256504169543e-01
1.14271941435339808e-01
1.14165925361268211e-01
1.13859019148667973e-01
1.13655539934687244e-01
1.13424912300539263e-01
1.13401322633501195e-01
1.13356456191657032e-01
1.13348361272227457e-01
1.13194398851333811e-01
1.13066116275588657e-01
1.13019195655265484e-01
1.12905820269065316e-01
1.12904091876574256e-01
1.12838810751120580e-01
1.12487302688742505e-01
1.12391508930151762e-01
1.11855827114091033e-01
1.11662194701530521e-01
1.11564919457057793e-01
1.11295824956483491e-01
1.11278558032341365e-01
1.10783504965196428e-01
1.10753061525834681e-01
1.10075080789190233e-01
1.09687292405383885e-01
1.09611974077850338e-01
1.09380400752656315e-01
1.09212388530718227e-01
1.08877003359804894e-01
1.08670224897665493e-01
1.08602470110768665e-01
1.07494225770944890e-01
1.07278755353458433e-01
1.07166310614551064e-01
1.07049247365785513e-01
1.06674833220080076e-01
1.06566595303754369e-01
1.06365618707291651e-01
1.06327904543692398e-01
1.06142946972286267e-01
1.05480150113783422e-01
1.05353245932768264e-01
1.04554969470010028e-01
1.03998858315613341e-01
1.03988628725192447e-01
1.03939190838400253e-01
1.03916213535422283e-01
1.03792374389757081e-01
1.03729947192525360e-01
1.03330267764431757e-01
1.02703884111532931e-01
1.02597221072491404e-01
1.02554833055146025e-01
1.02216832764452911e-01
1.01703654149533182e-01
1.01298715839596140e-01
1.01295695897655330e-01
1.01130897751227827e-01
1.01085282236953053e-01
1.01078863362718929e-01
1.00399968835826192e-01
9.98900857471088366e-02
9.98013492736734287e-02
9.97825814848295745e-02
9.96100655405808832e-02
9.95285972390774903e-02
9.94022724460540685e-02
9.93542170567562472e-02
9.92079060882888608e-02
9.91007551282624966e-02
9.90904447235993191e-02
9.88280543499635983e-02
9.84854158943235525e-02
9.84132472177035589e-02
9.81976839572399895e-02
9.80451090625251709e-02
9.78876899795128874e-02
9.74683124008750429e-02
9.74278731136202086e-02
9.71485692553660379e-02
9.70917741202955292e-02
9.65875799936636720e-02
9.62680484854893381e-02
9.60704794509241733e-02
9.57585242311497220e-02
9.57253930942780357e-02
9.56523981076878443e-02
9.48039629361961400e-02
9.47919094824338226e-02
9.46872678943567470e-02
9.46506324430295004e-02
9.39579863582364061e-02
9.37786601555623128e-02
9.37180418799887088e-02
9.33393250551522169e-02
9.30849949613022642e-02
9.28861634224558141e-02
9.27914117005259886e-02
9.25695170242732263e-02
9.24935355028062983e-02
9.23141143593466107e-02
9.22363599525177491e-02
9.22227465044048178e-02
9.20525126593601112e-02
9.19906369245087063e-02
9.19595802596849810e-02
9.18127227284345898e-02
9.16805051292605838e-02
9.16080623699237484e-02
9.15451089265996026e-02
9.15310249097610468e-02
9.12859082659084747e-02
9.09823887795812025e-02
9.09007571952987758e-02
9.07816870312101315e-02
9.06765502684389740e-02
9.04490758979358267e-02
9.03475398932814255e-02
9.03459484630627085e-02
8.99585618812668436e-02
8.98053753897130602e-02
8.96790845571665274e-02
8.96422905057296382e-02
8.95388651476164976e-02
8.93319847011605911e-02
8.93017934238844180e-02
8.90673340562369714e-02
8.90060007729342600e-02
8.88024929299390253e-02
8.87032150799246799e-02
8.84877337585993767e-02
8.83113964485766345e-02
8.82357725705505136e-02
8.82336239316574567e-02
8.82148626200179031e-02
8.82109502024224917e-02
8.79106169616262201e-02
8.78862761174548784e-02
8.78696288330041153e-02
8.76821097119349496e-02
8.75874600273873483e-02
8.72912630725619920e-02
8.69047820061483317e-02
8.65019967761964659e-02
8.64939907253105406e-02
8.61889589472888962e-02
8.60313016951672754e-02
8.57729830753670291e-02
8.57073656367965675e-02
8.56455953225667838e-02
8.54577057468742102e-02
8.50147254260505553e-02
8.47603274879283886e-02
8.47430260923874995e-02
8.45451810017843197e-02
8.44108751435080074e-02
8.43270652019756095e-02
8.42157582867315013e-02
8.40872308246814887e-02
8.38924112710391773e-02
8.38536771147553456e-02
8.36869445643746296e-02
8.36767123469680241e-02
8.36141697785714594e-02
8.36012600419893115e-02
8.35934503283793234e-02
8.32267455373933707e-02
8.27753258456283558e-02
8.27473952570321053e-02
8.27041149898227745e-02
8.26103792172634549e-02
8.24854984263733160e-02
8.20241345782604381e-02
8.18774079982962782e-02
8.16668778547206681e-02
8.15969344321494094e-02
8.14505085899127484e-02
8.13674992124950175e-02
8.12287563186167294e-02
8.11868931636968438e-02
8.11692049059338783e-02
8.09504678138832784e-02
8.07283686157028862e-02
8.05536875071269781e-02
8.04809228234008855e-02
8.02792661149015346e-02
7.99420170555788512e-02
7.97824710913527801e-02
7.97648784718523740e-02
7.97417533051590494e-02
7.97216094512861323e-02
7.93551093396958618e-02
7.92630722624853845e-02
7.91266765893392510e-02
7.90850863061934028e-02
7.90528485733582587e-02
7.87781640361729374e-02
7.86084453255026655e-02
7.85831944447217962e-02
7.85309970391420281e-02
7.84545688408700426e-02
7.84225946771741067e-02
7.83141811588282111e-02
7.81695996301867146e-02
7.81507433523503936e-02
7.80841703744119681e-02
7.80514616540340656e-02
7.78416283155165811e-02
7.77065764015297117e-02
7.75631917106662100e-02
7.74688834121144837e-02
7.73909727761977750e-02
7.73861444316734509e-02
7.72839996633387233e-02
7.71322823856816775e-02
7.70810703308975054e-02
7.69311169823306551e-02
7.67666547865341053e-02
7.65359394182023589e-02
7.65161496101241789e-02
7.65160783793760874e-02
7.63821724416873099e-02
7.63413988436153906e-02
7.62812229227868843e-02
7.61573968501269016e-02
7.60815284899278438e-02
7.60614602666553757e-02
7.60202342128939307e-02
7.58638514174347078e-02
7.58538596287867961e-02
7.57294616520903102e-02
7.57167623853986643e-02
7.55997571456998724e-02
7.54703472112552981e-02
7.54454078321602356e-02
7.53961322521706917e-02
7.53681242488530856e-02
7.53091425243000989e-02
7.52830376337903229e-02
7.50147604981804134e-02
7.47575101464561381e-02
7.45942943417057386e-02
7.45700663379242207e-02
7.45154372995070757e-02
7.44901753224113949e-02
7.44128775925227692e-02
7.42491248131990772e-02
7.38513568338421966e-02
7.36628158381814890e-02
7.35764376792850117e-02
7.35603809342715576e-02
7.34994267727532985e-02
7.32448073537025623e-02
7.31589688476693562e-02
7.30917392903929486e-02
7.30021127237967388e-02
7.24889438061945002e-02
7.24600346061665401e-02
7.24116317466671766e-02
7.23979730466422083e-02
7.23972500633396771e-02
7.23709158364376909e-02
7.23424109827785489e-02
7.23364537920275080e-02
7.20481685345929629e-02
7.18646482111539170e-02
7.15873822114719283e-02
7.15627647058171973e-02
7.15621038705547136e-02
7.14876339260097915e-02
7.14870965310373113e-02
7.11174727093667053e-02
7.10560756683080996e-02
7.10448048680231148e-02
7.09934995608460795e-02
7.09777708680781466e-02
7.08590922283760666e-02
7.06725038842843795e-02
7.03388091456008113e-02
7.00901016671897359e-02
7.00625613169932465e-02
7.00460277190107505e-02
6.99961463194239686e-02
6.99091988544395804e-02
6.97859362740082395e-02
6.96520774517739305e-02
6.96269024994448510e-02
6.96118292642880360e-02
6.95814703984145716e-02
6.95270518327759240e-02
6.94679207046322300e-02
6.92372552981962847e-02
6.92064865488856845e-02
6.91776987461815707e-02
6.91332900525148397e-02
6.91147866775060488e-02
6.90892007522179580e-02
6.90673332512403843e-02
6.90105356843860596e-02
6.88875300404315632e-02
6.88661145545576142e-02
6.88576577624515906e-02
6.87496221998716711e-02
6.81598537774755625e-02
6.81584801873436480e-02
6.80789759098953118e-02
6.80170201099804667e-02
6.79937912382441723e-02
6.79093308419166652e-02
6.78881575962858447e-02
6.77602509151263438e-02
6.76505437000890358e-02
6.76378299362737356e-02
6.76260309003506171e-02
6.76211151388981108e-02
6.75209621552711053e-02
6.74254486524555052e-02
6.71582723419928695e-02
6.71230628210146008e-02
6.69362703267446929e-02
6.67561508404125176e-02
6.67273978431707632e-02
6.66355968715149488e-02
6.65577914996390713e-02
6.65083223021723374e-02
6.64959975681130022e-02
6.64915434040106168e-02
6.64674994374288702e-02
6.64536069321669948e-02
6.63970257258039986e-02
6.63608450160974445e-02
6.63106546080299286e-02
6.60874998450707574e-02
6.60097118851710185e-02
6.59034746929460374e-02
6.58376239758073495e-02
6.57473910485270180e-02
6.57111466196121097e-02
6.56995009766033478e-02
6.56477764792806895e-02
6.56291434215819092e-02
6.56116430377570448e-02
6.55887209016273037e-02
6.55804398360919777e-02
6.55275659336016780e-02
6.54163088942965876e-02
6.54039348045272473e-02
6.53602327257310212e-02
6.52960321213499062e-02
6.52457469824489350e-02
6.52203778963104247e-02
6.51713051954375400e-02
6.50568375108396824e-02
6.48873041230410147e-02
6.48438374041050564e-02
6.47714325686456621e-02
6.47414209204107000e-02
6.47285867849394236e-02
6.47010917712203676e-02
6.46974816991412044e-02
6.46481993014015738e-02
6.46223477519021483e-02
6.45455605656244519e-02
6.44953657520936086e-02
6.44442757236209640e-02
6.44018002530673400e-02
6.43309176099631230e-02
6.42937751694273862e-02
6.40443426119573223e-02
6.39771563006178573e-02
6.39484200711009365e-02
6.38729716837228845e-02
6.36102385985282681e-02
6.36021094840357459e-02
6.34151890511429062e-02
6.33801767628480173e-02
6.33444583705920911e-02
6.31404166420047042e-02
6.30136893370107087e-02
6.29614130012964429e-02
6.29574159162337582e-02
6.27725605066481174e-02
6.27348905005677138e-02
6.26952122223860403e-02
6.25543474377868447e-02
6.25364619723654536e-02
6.24898921325026391e-02
6.24703125019110198e-02
6.24698745117460222e-02
6.22769517804218700e-02
6.20969275220285138e-02
6.20473720726315917e-02
6.20185374765589020e-02
6.20014776311343871e-02
6.19569228114312462e-02
6.19142472671965483e-02
6.17911663763943339e-02
6.17227925323287629e-02
6.17183458106208838e-02
6.16726129537779541e-02
6.16366305430701214e-02
6.16260281825503492e-02
6.16247532593057271e-02
6.16029647672675373e-02
6.15954821401221431e-02
6.15368934000178891e-02
6.15367247580496865e-02
6.15317990261141368e-02
6.14828868901519873e-02
6.14766390465312437e-02
6.14680681378731719e-02
6.12227396929233419e-02
6.11464055824457869e-02
6.11146882609773304e-02
6.10913687537104899e-02
6.09280638290296064e-02
6.08113416992553807e-02
6.07669324686708062e-02
6.05050591903813148e-02
6.04224977793780052e-02
6.01449564784767229e-02
6.00424815211375099e-02
5.99917161784188288e-02
5.98042417407564156e-02
5.96562766681417792e-02
5.96194533727559955e-02
5.96144413806543039e-02
5.95883928773133301e-02
5.95559468564700947e-02
5.95334758509325768e-02
5.94893404407454626e-02
5.93240834739838865e-02
5.91911088618490497e-02
5.91641582307093697e-02
5.91026334120099486e-02
5.90171992857895164e-02
5.89484558672889111e-02
5.89142230828037725e-02
5.87686497899651411e-02
5.86212234516364505e-02
5.84756439361867192e-02
5.83971168641829394e-02
5.82911991857995235e-02
5.82890741514911701e-02
5.82846678184516312e-02
5.82056237226080200e-02
5.81706152696351703e-02
5.80681440766880816e-02
5.79991234865641081e-02
5.79040979783768534e-02
5.78571367285301633e-02
5.77425647132077391e-02
5.76817625745988868e-02
5.76271812379393830e-02
5.76267609918408863e-02
5.75865441919755291e-02
5.75023732988839270e-02
5.74428142431000627e-02
5.74258829731618403e-02
5.74004839228690958e-02
5.73948256832732054e-02
5.73437870218540327e-02
5.73426992776437938e-02
5.73390638001078021e-02
5.73308611785592059e-02
5.73257634231251062e-02
5.72140490017208694e-02
5.71046420140804076e-02
5.70871997307385581e-02
5.69521492019888567e-02
5.69393698791744382e-02
5.69378442388868283e-02
5.69037085861094916e-02
5.68531069102602218e-02
5.67418748606324103e-02
5.66698000966970247e-02
5.66625178660741732e-02
5.66545061634420311e-02
5.66121184315524217e-02
5.65876589750631126e-02
5.64516685929708703e-02
5.62856281745031453e-02
5.62268824025291339e-02
5.62047640428646259e-02
5.61932468769213919e-02
5.61030242391701364e-02
5.59834843520542538e-02
5.57901608759232490e-02
5.57482445569822127e-02
5.56424975936112495e-02
5.55728768378020571e-02
5.55450946760053590e-02
5.55345559120329763e-02
5.55168249487558926e-02
5.54726026027598379e-02
5.54380487170675201e-02
5.52072407926292655e-02
5.51913892956511776e-02
5.51720497242579461e-02
5.51094773394652723e-02
5.50410637071989048e-02
5.50307964959241905e-02
5.49913844343315333e-02
5.49572098177632806e-02
5.49052142127655837e-02
5.47962016894455936e-02
5.47938699010673963e-02
5.47930561663716939e-02
5.47413325995426622e-02
5.46308672333047640e-02
5.45865015728305356e-02
5.45497435182229068e-02
5.44750118048887289e-02
5.41132303801217518e-02
5.40191869603134853e-02
5.40171671420506330e-02
5.36879282604648678e-02
5.36681776567103155e-02
5.36218200096355360e-02
5.35564873209401424e-02
5.34892475860167874e-02
5.34409594636259533e-02
5.34352755788742306e-02
5.33661102729590317e-02
5.33162816186270802e-02
5.33161658256857893e-02
5.32225035235954630e-02
5.32104239352784794e-02
5.31863441263718886e-02
5.31378901715032909e-02
5.31210422098616422e-02
5.30431870295315078e-02
5.29071681764674631e-02
5.28986763450390030e-02
5.28697316233493197e-02
5.27625501323959814e-02
5.27533182626570632e-02
5.25733654769346484e-02
5.25653808557504792e-02
5.24549474559990597e-02
5.24534063384372445e-02
5.24106671515651157e-02
5.24057967153538223e-02
5.23876572084266759e-02
5.22042436352742889e-02
5.20621926053197528e-02
5.20378348737409943e-02
5.19479260772930593e-02
5.19257935206045365e-02
5.18416644930583745e-02
5.18155101366759019e-02
5.16816152512713026e-02
5.16725450858300100e-02
5.15754586406787438e-02
5.14311445882042750e-02
5.13669425783172956e-02
5.12838222606933347e-02
5.12480517665670696e-02
5.12224967490569130e-02
5.11774157374041277e-02
5.11714046729318944e-02
5.11615539017124393e-02
5.11004465548195244e-02
5.10496884799195583e-02
5.09121505990956791e-02
5.08884949588461338e-02
5.07762331954304050e-02
5.07707906726883249e-02
5.07489807834988899e-02
5.07298064779986013e-02
5.06555573679350959e-02
5.06170322941011594e-02
5.04181805690933071e-02
5.03352854672265496e-02
5.03291823013963802e-02
5.03212500030810750e-02
5.02682164763368633e-02
5.02461382459585687e-02
5.02324356474614930e-02
5.02176468397456596e-02
5.01878530435878531e-02
5.00292555109259213e-02
4.99563360934739617e-02
4.99382686434438477e-02
4.99326240713898958e-02
4.99122552058513802e-02
4.99081878063061951e-02
4.98333699804078406e-02
4.97556710960471438e-02
4.96771058174648519e-02
4.95842149959591638e-02
4.95250348175765576e-02
4.94458146141507557e-02
4.93769801497703012e-02
4.93140494311999286e-02
4.90941134197976983e-02
4.89466971848599025e-02
4.88815763996143446e-02
4.88325759619697986e-02
4.88234884829215066e-02
4.88192079998929565e-02
4.87904286099775722e-02
4.87201098438620125e-02
4.86347463734535662e-02
4.85854554284607665e-02
4.84246000003117627e-02
4.83282246994415285e-02
4.82877206048033455e-02
4.82199043497941182e-02
4.80300281022235168e-02
4.79766553394804507e-02
4.78988569648988102e-02
4.78964975184894073e-02
4.78412416072300506e-02
4.77845145354387352e-02
4.77801302250262308e-02
4.77695514227926901e-02
4.77520748944880516e-02
4.77415277755707732e-02
4.77173572923616507e-02
4.77030401310496663e-02
4.76145339663816142e-02
4.75860813438961361e-02
4.74454165388990406e-02
4.74035244709450285e-02
4.72221200180679562e-02
4.72166137679120995e-02
4.71730135621878585e-02
4.71395470401373765e-02
4.70399336704605264e-02
4.70367905821283266e-02
4.69762991252183765e-02
4.68921596296365747e-02
4.68755452339066347e-02
4.68386036955397503e-02
4.68156144870129631e-02
4.68123150532717483e-02
4.68121995015258197e-02
4.67575180871785609e-02
4.67342890730526872e-02
4.67225458017619111e-02
4.65716638456231055e-02
4.65529057620701556e-02
4.65460855975952797e-02
4.65449657797735381e-02
4.65367953073335255e-02
4.64516304533189664e-02
4.64265936396318149e-02
4.64044005716523003e-02
4.63642117058084002e-02
4.63496972214371208e-02
4.62658476941090538e-02
4.61883748299656144e-02
4.61756657790606817e-02
4.61580637779267847e-02
4.61356867627643538e-02
4.61168418541270039e-02
4.60645922586724807e-02
4.60475953253862563e-02
4.59403713429623883e-02
4.59290433651957930e-02
4.58666591320588887e-02
4.58646387356820770e-02
4.58645189779380708e-02
4.58377607846784108e-02
4.58229745695742582e-02
4.57445377978721729e-02
4.56950185086198307e-02
4.54513753957805633e-02
4.53156159932122451e-02
4.52903415383671820e-02
4.52192357508947665e-02
4.51596193943454155e-02
4.51226126115764695e-02
4.50805392607088115e-02
4.49245387898316792e-02
4.48265605251604513e-02
4.48027200899637074e-02
4.47872228677346218e-02
4.47466296222017584e-02
4.47174362444368381e-02
4.47005096949862971e-02
4.46540510217207226e-02
4.46279051946298633e-02
4.46246042180356364e-02
4.46043681341122961e-02
4.45445781004294161e-02
4.45258025445625233e-02
4.44827723664484309e-02
4.44264690294060849e-02
4.43011732091532565e-02
4.42903879053588856e-02
4.42378128760776215e-02
4.41911404589319171e-02
4.41714596755018868e-02
4.41691226563250272e-02
4.41487313233290754e-02
4.41466016441243309e-02
4.41169780937017836e-02
4.40058272641535367e-02
4.39984280726336482e-02
4.39772382167327655e-02
4.39286515852078605e-02
4.37434552886514783e-02
4.37284421303382187e-02
4.36636160363220518e-02
4.36516626898307489e-02
4.36088563506419891e-02
4.34803505139445060e-02
4.34014626176507518e-02
4.33243391508043238e-02
4.32686042372562654e-02
4.32573197878434457e-02
4.31875858450254183e-02
4.30809231199138984e-02
4.30674810866995203e-02
4.30060780578730845e-02
4.29956917320333323e-02
4.29393142599042155e-02
4.28573062954562545e-02
4.28055607343699393e-02
4.27431615652762234e-02
4.27266371783503185e-02
4.26622618466302103e-02
4.26100818335216069e-02
4.25967605148011852e-02
4.25453244556458221e-02
4.25065145216058302e-02
4.24334912004801987e-02
4.23876547258947786e-02
4.22941686252324769e-02
4.22538682081881750e-02
4.22199002918583893e-02
4.21816489791961083e-02
4.21626436007690175e-02
4.21033635943836929e-02
4.18727983847329566e-02
4.18661261271716240e-02
4.17853132047700665e-02
4.17818346321267645e-02
4.17404866879603834e-02
4.17220079714107975e-02
4.16570178677743985e-02
4.16273243801044898e-02
4.15876268298665877e-02
4.15823209609801209e-02
4.15774963187334895e-02
4.14491594142754258e-02
4.14178923383684977e-02
4.13697744703015319e-02
4.13654162358877836e-02
4.13543182565721673e-02
4.12494953029174521e-02
4.12324156351934687e-02
4.11011598141377971e-02
4.09938141621353710e-02
4.09687665013660982e-02
4.09500705368845905e-02
4.09479723930076950e-02
4.08995531360474007e-02
4.08780858178497200e-02
4.08187202741429750e-02
4.07936165155753858e-02
4.06219395018896853e-02
4.05836187808924637e-02
4.05623321428394690e-02
4.05453730163097478e-02
4.05439449561410259e-02
4.05126612358991667e-02
4.05113956431624109e-02
4.04890039060535681e-02
4.04705207257558749e-02
4.04227073888074884e-02
4.03739209012069639e-02
4.03738861870313395e-02
4.03032544876998286e-02
4.02827460929179315e-02
4.02376953885572666e-02
4.02023666798827298e-02
4.01775581170180571e-02
4.01419481039892792e-02
4.01212954765415367e-02
4.01060995380584165e-02
4.00775241263537710e-02
4.00579778452406846e-02
4.00310745797663736e-02
4.00185115982720357e-02
3.99474604594634367e-02
3.99119476947989785e-02
3.99033932373228442e-02
3.98734346599930872e-02
3.98525715000979039e-02
3.97637108866718825e-02
3.97250990582957361e-02
3.96625583727436073e-02
3.96243834042487378e-02
3.95496116510386797e-02
3.95365035132880863e-02
3.94587878113417459e-02
3.93574429548680244e-02
3.93317649238793324e-02
3.93126114603703156e-02
3.92994167189374757e-02
3.92617320866225430e-02
3.92222744455142588e-02
3.91533823326568747e-02
3.91324574526066907e-02
3.90655936998190179e-02
3.90586800450285695e-02
3.90124590360545961e-02
3.89593504769295829e-02
3.88221473193837915e-02
3.88130071112460021e-02
3.87891879579318061e-02
3.87811461038103447e-02
3.87781773337735128e-02
3.87682723019963024e-02
3.87343322182150396e-02
3.87309815718509254e-02
3.87246953644150085e-02
3.87204598750261197e-02
3.86641073342942065e-02
3.85908551947455464e-02
3.85800583057829757e-02
3.85640661930002765e-02
3.85596162732379580e-02
3.85141503177693079e-02
3.85013154763687235e-02
3.84807117013713437e-02
3.84648480067474388e-02
3.84561083429379724e-02
3.84544077582326532e-02
3.83857091820833940e-02
3.83655827266605673e-02
3.83651927599684486e-02
3.83399510002510255e-02
3.83023775936953484e-02
3.82925979104423164e-02
3.80960545232745876e-02
3.80781393457135658e-02
3.79947500574693078e-02
3.79846512428490268e-02
3.79792876176778815e-02
3.78903794777587025e-02
3.78885022313565217e-02
3.78644801037943263e-02
3.78295859421350356e-02
3.77574135645028577e-02
3.76813784244938929e-02
3.76559630316561159e-02
3.76034374094767962e-02
3.75939139329235505e-02
3.75826018829210073e-02
3.75026450437854139e-02
3.74226250311973097e-02
3.72842021519813674e-02
3.72703427022253592e-02
3.72691514392916659e-02
3.72523734600136575e-02
3.72386749753375948e-02
3.71560115614023162e-02
3.70601560581220041e-02
3.70498592666968704e-02
3.69002853936083730e-02
3.68702574299180630e-02
3.68405103265176462e-02
3.68117067948358773e-02
3.67611046988531517e-02
3.66932193407713964e-02
3.66710921323108036e-02
3.66540280154200107e-02
3.66322524160525784e-02
3.65931190107661800e-02
3.65206843221292030e-02
3.64833531532851932e-02
3.64742598681696423e-02
3.64498951979167554e-02
3.64454042952410406e-02
3.63971235446388514e-02
3.63896002019312784e-02
3.63812280084547385e-02
3.63049875860686072e-02
3.62596459458174730e-02
3.62385718277053112e-02
3.62281874869460827e-02
3.61676709823057566e-02
3.61616302229566464e-02
3.60958621757121803e-02
3.60723178346665299e-02
3.60225446518276649e-02
3.59439285151479590e-02
3.59135931478043527e-02
3.58649412814934718e-02
3.58159491257198787e-02
3.58099233088747179e-02
3.57896075538556013e-02
3.57378952750323012e-02
3.57095199773135447e-02
3.56613305121252916e-02
3.56556534450631971e-02
3.56397259860499055e-02
3.55838514365441547e-02
3.55788019148123094e-02
3.55578319006303045e-02
3.55488826163415234e-02
3.55291588791693536e-02
3.55242287974073048e-02
3.55104813950453124e-02
3.55010861660985944e-02
3.55010682801321850e-02
3.54518114292753928e-02
3.54169944229798875e-02
3.54012187048553598e-02
3.53998468975924782e-02
3.53815523096261131e-02
3.53527552809090317e-02
3.53378021218776553e-02
3.53059235520806203e-02
3.52941908892636796e-02
3.52513300593977411e-02
3.52329755734778413e-02
3.51646723735597744e-02
3.50853023330721936e-02
3.50454182197242475e-02
3.49926152307719826e-02
3.47685846877010055e-02
3.47623147088383794e-02
3.46503912030066488e-02
3.46266264180892236e-02
3.45817869614878232e-02
3.44666339474292149e-02
3.44499907026908150e-02
3.44352577737220278e-02
3.43589449261578125e-02
3.43340182600554572e-02
3.41827896819903582e-02
3.41679129800811013e-02
3.40709374473688459e-02
3.39902350143041071e-02
3.39813333419944005e-02
3.39189029770155109e-02
3.38589189506020710e-02
3.38554621326605867e-02
3.37708856446880951e-02
3.37617416779490698e-02
3.37507078975155320e-02
3.37475001009493597e-02
3.36795373786084457e-02
3.36615383309833566e-02
3.36327306997894343e-02
3.35857381230755675e-02
3.35782872900312959e-02
3.35774349796775576e-02
3.35741493554354217e-02
3.35701901091429930e-02
3.35117982039542586e-02
3.34939529845544731e-02
3.34596946424770905e-02
3.34522266760096804e-02
3.34255512893442547e-02
3.33376143647903592e-02
3.32723423807351690e-02
3.32356718548540639e-02
3.32306529029549602e-02
3.32005137560292679e-02
3.31147005467236563e-02
3.30998654324728553e-02
3.30795503216732914e-02
3.30736371692226597e-02
3.30657788981262579e-02
3.30523587525754572e-02
3.30275260696772863e-02
3.30199645473080242e-02
3.29668087899355408e-02
3.29659943993310875e-02
3.28332287617706664e-02
3.28196233665181483e-02
3.28026484098654994e-02
3.28020615774253302e-02
3.27810875938613355e-02
3.27799397917526575e-02
3.27580892687141245e-02
3.26358172069861063e-02
3.26240415769694231e-02
3.26007196983713332e-02
3.25935708840057667e-02
3.25707904232941173e-02
3.25656901182159175e-02
3.25521154488719114e-02
3.25210227063630133e-02
3.24974933356032697e-02
3.24594352275049264e-02
3.24092114760014746e-02
3.22833740405972583e-02
3.22597583559437115e-02
3.22179796494799983e-02
3.22146250545884902e-02
3.21956233373930992e-02
3.21950516565343986e-02
3.21931593822712553e-02
3.21838730692590308e-02
3.21693350984140480e-02
3.21678380462541227e-02
3.21660874694091395e-02
3.21652836324345867e-02
3.21050504421876715e-02
3.20839128199330095e-02
3.20280803107285475e-02
3.19810132580760353e-02
3.19792506776153465e-02
3.18742539492681831e-02
3.18607320100052493e-02
3.18557279669100177e-02
3.18225564401013114e-02
3.18066605640744474e-02
3.17635762248411682e-02
3.17618422553730267e-02
3.17363581192533703e-02
3.16793914711854668e-02
3.15896696358287862e-02
3.15856107222039981e-02
3.15264749455292370e-02
3.15057095338665827e-02
3.14769405552524709e-02
3.13960018492729642e-02
3.13703503704576350e-02
3.13300973959748166e-02
3.12784551936530764e-02
3.12393203385035352e-02
3.12325597810882705e-02
3.12148958469928850e-02
3.11751773237705955e-02
3.11444352117631364e-02
3.11423695855565716e-02
3.11264858365460605e-02
3.10734229697602476e-02
3.09960137013817021e-02
3.09901091708339529e-02
3.09764482789920068e-02
3.09426956589756684e-02
3.09420623359862035e-02
3.08968544931182872e-02
3.08893531022381360e-02
3.08710355630562386e-02
3.08411868060244725e-02
3.08401177066914868e-02
3.07951456705228138e-02
3.07630019024419041e-02
3.07252314365126615e-02
3.07023666358952098e-02
3.06493523738288927e-02
3.06261894759401951e-02
3.05403049551669220e-02
3.05224964191858038e-02
3.04827164520521457e-02
3.04668802265464569e-02
3.04563097765383310e-02
3.04072608156427775e-02
3.03775605214971454e-02
3.03620245951287705e-02
3.03359996590913047e-02
3.02843042378857126e-02
3.01947387952444905e-02
3.01625922878818280e-02
3.01399085949051043e-02
3.01191388580979505e-02
3.01104286852293263e-02
3.01052748228206046e-02
3.00908127202630382e-02
3.00900265854728288e-02
3.00876977779457044e-02
3.00488166452625369e-02
3.00336502157899470e-02
2.99920856768159313e-02
2.99745081313421320e-02
2.99707717669315012e-02
2.99493500904801542e-02
2.99489437985496418e-02
2.99445210165232914e-02
2.99361461392212147e-02
2.99282935317086544e-02
2.98712330566016544e-02
2.98705367393930048e-02
2.98427672603405157e-02
2.98387278419159629e-02
2.98307356836698158e-02
2.97312479101730816e-02
2.97092990729055442e-02
2.96890900426019858e-02
2.96812580033144306e-02
2.96204430965692836e-02
2.96134726945679709e-02
2.96106230153755680e-02
2.95967727187394711e-02
2.95815362011021890e-02
2.95449941966217794e-02
2.95403366171785378e-02
2.95393981821962491e-02
2.95241133016374731e-02
2.95018115659001802e-02
2.94805812424570254e-02
2.94782444055614289e-02
2.94534487762805816e-02
2.93838216103272619e-02
2.93721030308659141e-02
2.93213926248370761e-02
2.93049154163080791e-02
2.92872789691139036e-02
2.92727718122939053e-02
2.92722415386609015e-02
2.92709008220074160e-02
2.92545616459550933e-02
2.92177771292491534e-02
2.92060040996707480e-02
2.91999427567286932e-02
2.91749563068963540e-02
2.91688567865570209e-02
2.91427056883829562e-02
2.90639977076782643e-02
2.90623568190630371e-02
2.89554091227544469e-02
2.89268356772803201e-02
2.89059465716872445e-02
2.88700912796849528e-02
2.88646296285968058e-02
2.88079526763093813e-02
2.88054276886885695e-02
2.87587916816185105e-02
2.87097061681237178e-02
2.86904833797130623e-02
2.86854329838112758e-02
2.86487542842369658e-02
2.86387426464162279e-02
2.86316537436888778e-02
2.85327146241885869e-02
2.84869342044604817e-02
2.84466058798758352e-02
2.84294546929522787e-02
2.84279263185368870e-02
2.83613213359660797e-02
2.83365287683554658e-02
2.82870356123517130e-02
2.82829877016592922e-02
2.82798731931561236e-02
2.82527541057954780e-02
2.82450997349603383e-02
2.82156028402859339e-02
2.82124125490722730e-02
2.81892387526802464e-02
2.81488430988514858e-02
2.81316858028578046e-02
2.81220640668412986e-02
2.81128647075502142e-02
2.80994090737182456e-02
2.80902392729650285e-02
2.80876791068731639e-02
2.80258291675425514e-02
2.79936533875006152e-02
2.79874777808539546e-02
2.79435853559652468e-02
2.79213223407158914e-02
2.79104756258576440e-02
2.78983520361593303e-02
2.78843496755587193e-02
2.78796202984365020e-02
2.78538435028535779e-02
2.78290129619610076e-02
2.78261825658369204e-02
2.78132884661041468e-02
2.77863660626197599e-02
2.77806305250174537e-02
2.77330502096022474e-02
2.77058021466801731e-02
2.76810134134274494e-02
2.76518065163431984e-02
2.76168418714529615e-02
2.75239944526438907e-02
2.75191866373729298e-02
2.75057886116380247e-02
2.74729713901345797e-02
2.74559198179930158e-02
2.74304219736907669e-02
2.74028548060820804e-02
2.73570220351020792e-02
2.73529859730309681e-02
2.73369783532988256e-02
2.73360790509633994e-02
2.73077918008820843e-02
2.72786939467749637e-02
2.72747618573102348e-02
2.72697294747979990e-02
2.72621762963795831e-02
2.72612284800115637e-02
2.72368311893326706e-02
2.72221797476952972e-02
2.72112872826704329e-02
2.71937475320782433e-02
2.71691659611041532e-02
2.71361668586648508e-02
2.71346162763045386e-02
2.71310840933499352e-02
2.70889235881613434e-02
2.70656409642414074e-02
2.70425864104172388e-02
2.70259971136658228e-02
2.70044181558833293e-02
2.70037860164102361e-02
2.69725000848962219e-02
2.69393170936247858e-02
2.69148957497962159e-02
2.68723033332361298e-02
2.68626518638160894e-02
2.68534729368783143e-02
2.67599363299502839e-02
2.67113255895297490e-02
2.66968190922673848e-02
2.66668289406611740e-02
2.66628784975956636e-02
2.66147975762761717e-02
2.65897950195443065e-02
2.65863084326982933e-02
2.65739903865639150e-02
2.65453764584575418e-02
2.64893089089724039e-02
2.64695758052365948e-02
2.64344462738668531e-02
2.63770150918401086e-02
2.63562680768006999e-02
2.63224287738584965e-02
2.63172553123039582e-02
2.63039486620225936e-02
2.62994323615372699e-02
2.62915996753238998e-02
2.62135677892817859e-02
2.61554334162826148e-02
2.61520703848238632e-02
2.61346398435944940e-02
2.60434666593635754e-02
2.60251667283211696e-02
2.60157103210969277e-02
2.59991997083439882e-02
2.59732893206064304e-02
2.59481512793572761e-02
2.59465009250719886e-02
2.59346330333119594e-02
2.58903055115257685e-02
2.58656014038624558e-02
2.58374656866526761e-02
2.58219427421641189e-02
2.58036629593721735e-02
2.57906899960322240e-02
2.57655134103874223e-02
2.57348044167612748e-02
2.57251201954858642e-02
2.57056255337178852e-02
2.56675191151560927e-02
2.56503503432424645e-02
2.56126568968883667e-02
2.56090585824969991e-02
2.56074362081493319e-02
2.55949249655726546e-02
2.55926726277244179e-02
2.55358298673887298e-02
2.55347993989555287e-02
2.55214133492734432e-02
2.54972836620443559e-02
2.54758396201061714e-02
2.54636628932977602e-02
2.53894443328502410e-02
2.53822005192856220e-02
2.53716500793917041e-02
2.52938252322526085e-02
2.52909426048725100e-02
2.52356755307665340e-02
2.52324838175447021e-02
2.52282194399976699e-02
2.52109647748578573e-02
2.51545542447242539e-02
2.51002373658975216e-02
2.50702796195797876e-02
2.50504669898259785e-02
2.49985592192741059e-02
2.49507632491821098e-02
2.49255569792954344e-02
2.49250865401440085e-02
2.48554994215751668e-02
2.48290632056525871e-02
2.48266359006380256e-02
2.47519290637884769e-02
2.47451766889163378e-02
2.46771338016590382e-02
2.46739832609004124e-02
2.46669470326781187e-02
2.46355342225889305e-02
2.45775026418605450e-02
2.45324416039271812e-02
2.45069972976086660e-02
2.44840591131659860e-02
2.44831478293094304e-02
2.44798858857044853e-02
2.44210347149309073e-02
2.44162116799152284e-02
2.43428901212211050e-02
2.42400438089948114e-02
2.42214169755391243e-02
2.42187102811172728e-02
2.41361794473238279e-02
2.41254334859516174e-02
2.41035884555629680e-02
2.40989763603609020e-02
2.40604724274361727e-02
2.40584743909707625e-02
2.40361387545773644e-02
2.40237609851553235e-02
2.39803696313184919e-02
2.39464200615400538e-02
2.39218980498730298e-02
2.38795448578900359e-02
2.37962057284607995e-02
2.37936856351457816e-02
2.37885268313679371e-02
2.37827617713206527e-02
2.37785302819041797e-02
2.37604157212736068e-02
2.37540112089772645e-02
2.37465268564189431e-02
2.37430120436003256e-02
2.37059481414873437e-02
2.36978608319042792e-02
2.36401994034388177e-02
2.36342147247064135e-02
2.36317654281206144e-02
2.36199382796235743e-02
2.35853943817878955e-02
2.35754589957884973e-02
2.35680913642618180e-02
2.35476072198385795e-02
2.35476020703046275e-02
2.35099965633910127e-02
2.35066481072837424e-02
2.34952352154868503e-02
2.34686347928469013e-02
2.34530814787766786e-02
2.34483723417925997e-02
2.34179019010663340e-02
2.34014450353897396e-02
2.33810724666781711e-02
2.33715882361889213e-02
2.33340520606756009e-02
2.32957864806458588e-02
2.32678772234316752e-02
2.32564143129199881e-02
2.32226469885067413e-02
2.32065181300518605e-02
2.31925696695789198e-02
2.31910316465812338e-02
2.31823849018453383e-02
2.31497915601970514e-02
2.31410875988576833e-02
2.31368306424763019e-02
2.31135092115670460e-02
2.31119275955469390e-02
2.31097270731840700e-02
2.30870578079832960e-02
2.30745156782413245e-02
2.30724857045067414e-02
2.30689926708436063e-02
2.30410324123133878e-02
2.30215584883159824e-02
2.30212765623496012e-02
2.30070115740702852e-02
2.29969128118840301e-02
2.29917043980296283e-02
2.29607466072747693e-02
2.29512308769685355e-02
2.29229342744885038e-02
2.28781139500952822e-02
2.28637127550276910e-02
2.28395664788086025e-02
2.27893223090926723e-02
2.27835367730492809e-02
2.27691190786908776e-02
2.27440464135094632e-02
2.27217640410225935e-02
2.27177927372475309e-02
2.26990772964281058e-02
2.26975755027022420e-02
2.26970628938910138e-02
2.26507123192458484e-02
2.26317351370592390e-02
2.26104419999224003e-02
2.26042418965889669e-02
2.25968362342927470e-02
2.25849310250915945e-02
2.25371988811509383e-02
2.25090813985400831e-02
2.25087830313051643e-02
2.24967726684527011e-02
2.24114327023129459e-02
2.24109042659741409e-02
2.24095256729055954e-02
2.23893185539425880e-02
2.23761212293920701e-02
2.23474358312667556e-02
2.23382115876935225e-02
2.23186418931409294e-02
2.23156260109010282e-02
2.22956850026877935e-02
2.22877170925183110e-02
2.22799062003762698e-02
2.22304006018292470e-02
2.22303720244635405e-02
2.22205227753384561e-02
2.22079786876407496e-02
2.22069559135917097e-02
2.21831854725768329e-02
2.21553506322568865e-02
2.21230873413240971e-02
2.21117429095210247e-02
2.20860741509024232e-02
2.20813575099284426e-02
2.20715363944736891e-02
2.20086051270791672e-02
2.19992310056399722e-02
2.19079140039656270e-02
2.19021770424420135e-02
2.18836975769495581e-02
2.18696913535569686e-02
2.18623169371467106e-02
2.18187616706378151e-02
2.18063277419321098e-02
2.17703719958037487e-02
2.17503378278306250e-02
2.17361233578025129e-02
2.17336007788573940e-02
2.17210364221479095e-02
2.17185464609947580e-02
2.17087228444361700e-02
2.17020566677592411e-02
2.16992966676319635e-02
2.16986447000168808e-02
2.16867649810129799e-02
2.16813120247018459e-02
2.16765850985567478e-02
2.16753579141864168e-02
2.16568675283645949e-02
2.16555610482255106e-02
2.16539108829228201e-02
2.16494364679883193e-02
2.16468605088207151e-02
2.16464049826341487e-02
2.16220372682139304e-02
2.15639014341498861e-02
2.15623054971763872e-02
2.15475022944351634e-02
2.15142527994751608e-02
2.15118380420743910e-02
2.14785362060747644e-02
2.14600628278328945e-02
2.14556633856648957e-02
2.14300201657484715e-02
2.14146717873574047e-02
2.13902342064572724e-02
2.13687292968239087e-02
2.13578023994593844e-02
2.13534313055384166e-02
2.13379154780745407e-02
2.13119772112955672e-02
2.12619329073612251e-02
2.12464628506111135e-02
2.12182223610061296e-02
2.11801903073954023e-02
2.11729346697868415e-02
2.11691561696089325e-02
2.11556403505607400e-02
2.11535093689187818e-02
2.11502712542776979e-02
2.11427414692123526e-02
2.11355813631789215e-02
2.11204699349067347e-02
2.11201249866682407e-02
2.10796926393236016e-02
2.10550005236382239e-02
2.10544583027682045e-02
2.10380346173449674e-02
2.10240682756524869e-02
2.10232463224493092e-02
2.09997444179247164e-02
2.09582707294586681e-02
2.09416429588139691e-02
2.09387747568235104e-02
2.09132717265796859e-02
2.09101052928804786e-02
2.08850103985136273e-02
2.08809899223357798e-02
2.08783545559260639e-02
2.08743636243996535e-02
2.08446774187159706e-02
2.08339033596098254e-02
2.08257728084815137e-02
2.08210301722632288e-02
2.08003151708604818e-02
2.07920431782065221e-02
2.07914096703035213e-02
2.07869570649864728e-02
2.07427424498823620e-02
