2026-06-04T20:21:15.455627  x_socket connecting
2026-06-04T20:21:15.511614  x_socket connecting
2026-06-04T20:21:15.511614 x_socket: {"data": {"status": "noop"}, "status": "ok"}
2026-06-04T20:21:15.766611 x_socket: {"data": {"status": "noop"}, "status": "ok"}
2026-06-04T20:21:16.034672 x_socket: {"data": {"jobId": "0", "type": "fg_determine_setup_data", "args": {"Iovm": "/level5/design.ovm", "Icalc": "/../../Run0001/project.input", "Igeo": "/../../Run0001/geometry.input", "lvldir": "level5"}, "status": "started", "data": [], "workerId": "1", "processed": 0}, "status": "ok"}
2026-06-04T20:21:16.035665 x_mode awaitExistence for: C:/Users/arthu/OneDrive/Documentos/unb/alta_frequencia/TF_alta_frequencia/simulation/TF_alta_frequencia_lib/quadrature_hybrid_coupler_round/layout/emSetup_FEM/proj.ep/Simulations/000001/emds_dsn/design/level5/design.ovm
2026-06-04T20:21:16.036674 x_mode awaitExistence end.
2026-06-04T20:21:16.036674 x_mode awaitExistence for: C:/Users/arthu/OneDrive/Documentos/unb/alta_frequencia/TF_alta_frequencia/simulation/TF_alta_frequencia_lib/quadrature_hybrid_coupler_round/layout/emSetup_FEM/proj.ep/Simulations/000001/Run0001/project.input
2026-06-04T20:21:16.036674 x_mode awaitExistence end.
2026-06-04T20:21:16.036674 x_mode awaitExistence for: C:/Users/arthu/OneDrive/Documentos/unb/alta_frequencia/TF_alta_frequencia/simulation/TF_alta_frequencia_lib/quadrature_hybrid_coupler_round/layout/emSetup_FEM/proj.ep/Simulations/000001/Run0001/geometry.input
2026-06-04T20:21:16.036674 x_mode awaitExistence end.
2026-06-04T20:21:16.036674 x_mode awaitExistence for: C:/Users/arthu/OneDrive/Documentos/unb/alta_frequencia/TF_alta_frequencia/simulation/TF_alta_frequencia_lib/quadrature_hybrid_coupler_round/layout/emSetup_FEM/proj.ep/Simulations/000001/emds_dsn/design/options.xml
2026-06-04T20:21:16.036674 x_mode awaitExistence end.
2026-06-04T20:21:16.036674 x_mode awaitExistence for: C:/Users/arthu/OneDrive/Documentos/unb/alta_frequencia/TF_alta_frequencia/simulation/TF_alta_frequencia_lib/quadrature_hybrid_coupler_round/layout/emSetup_FEM/proj.ep/Simulations/000001/emds_dsn/design/status.sqlite
2026-06-04T20:21:16.036674 x_mode awaitExistence end.
2026-06-04T20:21:16.036674 x_mode awaitExistence for: C:/Users/arthu/OneDrive/Documentos/unb/alta_frequencia/TF_alta_frequencia/simulation/TF_alta_frequencia_lib/quadrature_hybrid_coupler_round/layout/emSetup_FEM/proj.ep/Simulations/000001/emds_dsn/design/results.sqlite
2026-06-04T20:21:16.037668 x_mode awaitExistence end.
2026-06-04T20:21:16.947840 x_socket: {"data": {"status": "noop"}, "status": "ok"}
2026-06-04T20:21:17.209370 x_socket: {"data": {"status": "noop"}, "status": "ok"}
2026-06-04T20:21:17.464379 x_socket: {"data": {"status": "noop"}, "status": "ok"}
2026-06-04T20:21:17.730005 x_socket: {"data": {"jobId": "1", "type": "determine_cutoff_intervals", "args": {"minF": "750000000.000000000000000", "maxF": "3750000000.000000000000000", "Iovm": "/level5/design.ovm", "Icalc": "/../../Run0001/project.input", "Igeo": "/../../Run0001/geometry.input", "lvldir": "level5"}, "status": "started", "data": [], "workerId": "1", "processed": 0}, "status": "ok"}
2026-06-04T20:21:17.732992 x_socket: {"data": {"status": "noop"}, "status": "ok"}
2026-06-04T20:21:17.997994 x_socket: {"data": {"jobId": "2", "type": "solve", "args": {"simdir": "f_750000000.0", "Fsolve": "750000000.000000000000000", "iterative_order": "2", "Iovm": "/level5/design.ovm", "Icalc": "/../../Run0001/project.input", "Igeo": "/../../Run0001/geometry.input", "lvldir": "level5"}, "status": "started", "data": [], "workerId": "1", "processed": 0}, "status": "ok"}
PROGRESS 26
PROGRESS 27
PROGRESS 28
PROGRESS 29
PROGRESS 30
PROGRESS 31
PROGRESS 32
PROGRESS 33
PROGRESS 34
PROGRESS 35
PROGRESS 36
PROGRESS 37
PROGRESS 38
PROGRESS 39
PROGRESS 40
PROGRESS 41
PROGRESS 42
PROGRESS 43
PROGRESS 48
PROGRESS 49
PROGRESS 50
PROGRESS 51
PROGRESS 52
PROGRESS 53
PROGRESS 58
PROGRESS 61
PROGRESS 64
PROGRESS 67
PROGRESS 68
PROGRESS 69
PROGRESS 70
PROGRESS 71
PROGRESS 72
PROGRESS 74
PROGRESS 75
PROGRESS 90
PROGRESS 100

 1. Frequency: 750 MHz      Unknowns:   35008
    Solver:  Direct threaded 64-bit
    CPU time: 00:00:08.9    Elapsed time: 00:00:05.5    Memory: 205.199 Mbyte 
2026-06-04T20:21:21.601396 x_socket: {"data": {"jobId": "3", "type": "solve", "args": {"simdir": "f_1750000000.0", "Fsolve": "1750000000.000000000000000", "iterative_order": "2", "Iovm": "/level5/design.ovm", "Icalc": "/../../Run0001/project.input", "Igeo": "/../../Run0001/geometry.input", "lvldir": "level5"}, "status": "started", "data": [], "workerId": "1", "processed": 0}, "status": "ok"}
PROGRESS 26
PROGRESS 27
PROGRESS 28
PROGRESS 29
PROGRESS 30
PROGRESS 31
PROGRESS 32
PROGRESS 33
PROGRESS 34
PROGRESS 35
PROGRESS 37
PROGRESS 38
PROGRESS 39
PROGRESS 44
PROGRESS 45
PROGRESS 46
PROGRESS 51
PROGRESS 57
PROGRESS 58
PROGRESS 61
PROGRESS 62
PROGRESS 63
PROGRESS 64
PROGRESS 65
PROGRESS 66
PROGRESS 68
PROGRESS 69
PROGRESS 71
PROGRESS 73
PROGRESS 74
PROGRESS 75
PROGRESS 90
PROGRESS 100

 2. Frequency: 1.75 GHz      Unknowns:   35008
    Solver:  Direct threaded 64-bit
    CPU time: 00:00:03.0    Elapsed time: 00:00:01.0    Memory: 206.227 Mbyte 
2026-06-04T20:21:22.632903 x_socket: {"data": {"jobId": "4", "type": "solve", "args": {"simdir": "f_2750000000.0", "Fsolve": "2750000000.000000000000000", "iterative_order": "2", "Iovm": "/level5/design.ovm", "Icalc": "/../../Run0001/project.input", "Igeo": "/../../Run0001/geometry.input", "lvldir": "level5"}, "status": "started", "data": [], "workerId": "1", "processed": 0}, "status": "ok"}
PROGRESS 26
PROGRESS 27
PROGRESS 28
PROGRESS 29
PROGRESS 30
PROGRESS 31
PROGRESS 32
PROGRESS 33
PROGRESS 34
PROGRESS 35
PROGRESS 36
PROGRESS 37
PROGRESS 38
PROGRESS 39
PROGRESS 40
PROGRESS 41
PROGRESS 42
PROGRESS 43
PROGRESS 44
PROGRESS 45
PROGRESS 46
PROGRESS 47
PROGRESS 48
PROGRESS 49
PROGRESS 50
PROGRESS 51
PROGRESS 53
PROGRESS 54
PROGRESS 55
PROGRESS 56
PROGRESS 58
PROGRESS 59
PROGRESS 60
PROGRESS 61
PROGRESS 63
PROGRESS 64
PROGRESS 65
PROGRESS 68
PROGRESS 69
PROGRESS 71
PROGRESS 72
PROGRESS 74
PROGRESS 75
PROGRESS 90
PROGRESS 100

 3. Frequency: 2.75 GHz      Unknowns:   35008
    Solver:  Direct threaded 64-bit
    CPU time: 00:00:02.3    Elapsed time: 00:00:00.8    Memory: 206.715 Mbyte 
2026-06-04T20:21:23.442598 x_socket: {"data": {"status": "noop"}, "status": "ok"}
2026-06-04T20:21:23.697774 x_socket: {"data": {"status": "noop"}, "status": "ok"}
2026-06-04T20:21:23.954472 x_socket: {"data": {"jobId": "5", "type": "solve", "args": {"simdir": "f_3250000000.0", "Fsolve": "3250000000.000000000000000", "iterative_order": "2", "Iovm": "/level5/design.ovm", "Icalc": "/../../Run0001/project.input", "Igeo": "/../../Run0001/geometry.input", "lvldir": "level5"}, "status": "started", "data": [], "workerId": "1", "processed": 0}, "status": "ok"}
PROGRESS 26
PROGRESS 27
PROGRESS 28
PROGRESS 29
PROGRESS 30
PROGRESS 31
PROGRESS 32
PROGRESS 33
PROGRESS 34
PROGRESS 35
PROGRESS 36
PROGRESS 37
PROGRESS 38
PROGRESS 39
PROGRESS 40
PROGRESS 41
PROGRESS 42
PROGRESS 43
PROGRESS 44
PROGRESS 45
PROGRESS 46
PROGRESS 47
PROGRESS 48
PROGRESS 49
PROGRESS 50
PROGRESS 51
PROGRESS 52
PROGRESS 53
PROGRESS 55
PROGRESS 56
PROGRESS 57
PROGRESS 59
PROGRESS 60
PROGRESS 61
PROGRESS 62
PROGRESS 64
PROGRESS 65
PROGRESS 66
PROGRESS 70
PROGRESS 71
PROGRESS 72
PROGRESS 74
PROGRESS 75
PROGRESS 90
PROGRESS 100

 4. Frequency: 3.25 GHz      Unknowns:   35008
    Solver:  Direct threaded 64-bit
    CPU time: 00:00:05.8    Elapsed time: 00:00:03.2    Memory: 207.383 Mbyte 
2026-06-04T20:21:26.609953 x_socket: {"data": {"status": "noop"}, "status": "ok"}
2026-06-04T20:21:26.863470 x_socket: {"data": {"status": "noop"}, "status": "ok"}
2026-06-04T20:21:27.121033 x_socket: {"data": {"jobId": "6", "type": "solve", "args": {"simdir": "f_2250000000.0", "Fsolve": "2250000000.000000000000000", "iterative_order": "2", "Iovm": "/level5/design.ovm", "Icalc": "/../../Run0001/project.input", "Igeo": "/../../Run0001/geometry.input", "lvldir": "level5"}, "status": "started", "data": [], "workerId": "1", "processed": 0}, "status": "ok"}
PROGRESS 26
PROGRESS 27
PROGRESS 28
PROGRESS 29
PROGRESS 30
PROGRESS 31
PROGRESS 32
PROGRESS 33
PROGRESS 34
PROGRESS 35
PROGRESS 36
PROGRESS 37
PROGRESS 38
PROGRESS 39
PROGRESS 40
PROGRESS 41
PROGRESS 42
PROGRESS 43
PROGRESS 44
PROGRESS 45
PROGRESS 46
PROGRESS 47
PROGRESS 48
PROGRESS 49
PROGRESS 50
PROGRESS 51
PROGRESS 52
PROGRESS 53
PROGRESS 54
PROGRESS 55
PROGRESS 56
PROGRESS 57
PROGRESS 59
PROGRESS 60
PROGRESS 61
PROGRESS 62
PROGRESS 63
PROGRESS 64
PROGRESS 65
PROGRESS 66
PROGRESS 68
PROGRESS 69
PROGRESS 71
PROGRESS 72
PROGRESS 73
PROGRESS 74
PROGRESS 75
PROGRESS 90
PROGRESS 100

 5. Frequency: 2.25 GHz      Unknowns:   35008
    Solver:  Direct threaded 64-bit
    CPU time: 00:00:04.3    Elapsed time: 00:00:01.9    Memory: 207.383 Mbyte 
2026-06-04T20:21:28.543382 x_socket: {"data": {"status": "noop"}, "status": "ok"}
2026-06-04T20:21:28.803457 x_socket: {"data": {"status": "noop"}, "status": "ok"}
2026-06-04T20:21:29.055500 x_socket: {"data": {"status": "noop"}, "status": "ok"}
2026-06-04T20:21:29.325499 x_socket: {"data": {"jobId": "7", "type": "solve", "args": {"simdir": "f_1250000000.0", "Fsolve": "1250000000.000000000000000", "iterative_order": "2", "Iovm": "/level5/design.ovm", "Icalc": "/../../Run0001/project.input", "Igeo": "/../../Run0001/geometry.input", "lvldir": "level5"}, "status": "started", "data": [], "workerId": "1", "processed": 0}, "status": "ok"}
PROGRESS 26
PROGRESS 27
PROGRESS 28
PROGRESS 29
PROGRESS 30
PROGRESS 31
PROGRESS 32
PROGRESS 34
PROGRESS 35
PROGRESS 36
PROGRESS 37
PROGRESS 38
PROGRESS 39
PROGRESS 40
PROGRESS 41
PROGRESS 42
PROGRESS 43
PROGRESS 44
PROGRESS 45
PROGRESS 46
PROGRESS 47
PROGRESS 48
PROGRESS 49
PROGRESS 50
PROGRESS 51
PROGRESS 52
PROGRESS 54
PROGRESS 55
PROGRESS 56
PROGRESS 57
PROGRESS 58
PROGRESS 59
PROGRESS 60
PROGRESS 62
PROGRESS 63
PROGRESS 66
PROGRESS 68
PROGRESS 69
PROGRESS 70
PROGRESS 71
PROGRESS 72
PROGRESS 74
PROGRESS 75
PROGRESS 90
PROGRESS 100

 6. Frequency: 1.25 GHz      Unknowns:   35008
    Solver:  Direct threaded 64-bit
    CPU time: 00:00:06.5    Elapsed time: 00:00:03.7    Memory: 207.383 Mbyte 
2026-06-04T20:21:32.291885 x_socket: {"data": {"status": "noop"}, "status": "ok"}
2026-06-04T20:21:32.545915 x_socket: {"data": {"status": "noop"}, "status": "ok"}
2026-06-04T20:21:32.810435 x_socket: {"data": {"jobId": "8", "type": "solve", "args": {"simdir": "f_1000000000.0", "Fsolve": "1000000000.000000000000000", "iterative_order": "2", "Iovm": "/level5/design.ovm", "Icalc": "/../../Run0001/project.input", "Igeo": "/../../Run0001/geometry.input", "lvldir": "level5"}, "status": "started", "data": [], "workerId": "1", "processed": 0}, "status": "ok"}
PROGRESS 26
PROGRESS 27
PROGRESS 28
PROGRESS 29
PROGRESS 30
PROGRESS 31
PROGRESS 32
PROGRESS 33
PROGRESS 34
PROGRESS 35
PROGRESS 36
PROGRESS 37
PROGRESS 38
PROGRESS 39
PROGRESS 40
PROGRESS 41
PROGRESS 42
PROGRESS 43
PROGRESS 44
PROGRESS 45
PROGRESS 46
PROGRESS 47
PROGRESS 48
PROGRESS 49
PROGRESS 51
PROGRESS 52
PROGRESS 53
PROGRESS 55
PROGRESS 56
PROGRESS 58
PROGRESS 60
PROGRESS 61
PROGRESS 62
PROGRESS 63
PROGRESS 64
PROGRESS 65
PROGRESS 66
PROGRESS 68
PROGRESS 70
PROGRESS 71
PROGRESS 72
PROGRESS 74
PROGRESS 75
PROGRESS 90
PROGRESS 100

 7. Frequency: 1 GHz      Unknowns:   35008
    Solver:  Direct threaded 64-bit
    CPU time: 00:00:02.6    Elapsed time: 00:00:01.4    Memory: 207.762 Mbyte 
2026-06-04T20:21:33.664548 x_socket: {"data": {"status": "noop"}, "status": "ok"}
2026-06-04T20:21:33.930576 x_socket: {"data": {"jobId": "9", "type": "solve", "args": {"simdir": "f_2500000000.0", "Fsolve": "2500000000.000000000000000", "iterative_order": "2", "Iovm": "/level5/design.ovm", "Icalc": "/../../Run0001/project.input", "Igeo": "/../../Run0001/geometry.input", "lvldir": "level5"}, "status": "started", "data": [], "workerId": "1", "processed": 0}, "status": "ok"}
PROGRESS 26
PROGRESS 27
PROGRESS 28
PROGRESS 29
PROGRESS 30
PROGRESS 31
PROGRESS 32
PROGRESS 33
PROGRESS 34
PROGRESS 35
PROGRESS 36
PROGRESS 37
PROGRESS 38
PROGRESS 39
PROGRESS 40
PROGRESS 41
PROGRESS 42
PROGRESS 43
PROGRESS 44
PROGRESS 45
PROGRESS 46
PROGRESS 47
PROGRESS 48
PROGRESS 49
PROGRESS 50
PROGRESS 51
PROGRESS 52
PROGRESS 54
PROGRESS 55
PROGRESS 56
PROGRESS 58
PROGRESS 59
PROGRESS 60
PROGRESS 61
PROGRESS 62
PROGRESS 63
PROGRESS 64
PROGRESS 65
PROGRESS 67
PROGRESS 68
PROGRESS 70
PROGRESS 71
PROGRESS 72
PROGRESS 73
PROGRESS 74
PROGRESS 75
PROGRESS 90
PROGRESS 100

 8. Frequency: 2.5 GHz      Unknowns:   35008
    Solver:  Direct threaded 64-bit
    CPU time: 00:00:04.3    Elapsed time: 00:00:01.9    Memory: 207.762 Mbyte 
2026-06-04T20:21:35.530550 x_socket: {"data": {"status": "noop"}, "status": "ok"}
2026-06-04T20:21:35.785926 x_socket: {"data": {"status": "noop"}, "status": "ok"}
2026-06-04T20:21:36.054918 x_socket: {"data": {"jobId": "10", "type": "solve", "args": {"simdir": "f_2375000000.0", "Fsolve": "2375000000.000000000000000", "iterative_order": "2", "Iovm": "/level5/design.ovm", "Icalc": "/../../Run0001/project.input", "Igeo": "/../../Run0001/geometry.input", "lvldir": "level5"}, "status": "started", "data": [], "workerId": "1", "processed": 0}, "status": "ok"}
PROGRESS 26
PROGRESS 27
PROGRESS 28
PROGRESS 29
PROGRESS 30
PROGRESS 31
PROGRESS 32
PROGRESS 33
PROGRESS 34
PROGRESS 35
PROGRESS 36
PROGRESS 37
PROGRESS 38
PROGRESS 39
PROGRESS 40
PROGRESS 41
PROGRESS 42
PROGRESS 43
PROGRESS 44
PROGRESS 45
PROGRESS 46
PROGRESS 47
PROGRESS 48
PROGRESS 49
PROGRESS 50
PROGRESS 51
PROGRESS 53
PROGRESS 54
PROGRESS 55
PROGRESS 56
PROGRESS 58
PROGRESS 59
PROGRESS 61
PROGRESS 62
PROGRESS 63
PROGRESS 64
PROGRESS 65
PROGRESS 67
PROGRESS 68
PROGRESS 70
PROGRESS 71
PROGRESS 73
PROGRESS 74
PROGRESS 75
PROGRESS 90
PROGRESS 100

 9. Frequency: 2.375 GHz      Unknowns:   35008
    Solver:  Direct threaded 64-bit
    CPU time: 00:00:03.8    Elapsed time: 00:00:02.4    Memory: 207.762 Mbyte 
2026-06-04T20:21:37.900852 x_socket: {"data": {"status": "noop"}, "status": "ok"}
2026-06-04T20:21:38.158410 x_socket: {"data": {"jobId": "11", "type": "solve", "args": {"simdir": "f_2312500000.0", "Fsolve": "2312500000.000000000000000", "iterative_order": "2", "Iovm": "/level5/design.ovm", "Icalc": "/../../Run0001/project.input", "Igeo": "/../../Run0001/geometry.input", "lvldir": "level5"}, "status": "started", "data": [], "workerId": "1", "processed": 0}, "status": "ok"}
PROGRESS 26
PROGRESS 27
PROGRESS 28
PROGRESS 29
PROGRESS 30
PROGRESS 31
PROGRESS 32
PROGRESS 33
PROGRESS 34
PROGRESS 35
PROGRESS 36
PROGRESS 37
PROGRESS 38
PROGRESS 39
PROGRESS 40
PROGRESS 41
PROGRESS 42
PROGRESS 43
PROGRESS 44
PROGRESS 45
PROGRESS 46
PROGRESS 47
PROGRESS 48
PROGRESS 49
PROGRESS 50
PROGRESS 51
PROGRESS 52
PROGRESS 53
PROGRESS 54
PROGRESS 56
PROGRESS 57
PROGRESS 58
PROGRESS 59
PROGRESS 60
PROGRESS 61
PROGRESS 62
PROGRESS 63
PROGRESS 64
PROGRESS 65
PROGRESS 67
PROGRESS 68
PROGRESS 70
PROGRESS 71
PROGRESS 73
PROGRESS 74
PROGRESS 75
PROGRESS 90
PROGRESS 100

10. Frequency: 2.3125 GHz      Unknowns:   35008
    Solver:  Direct threaded 64-bit
    CPU time: 00:00:02.8    Elapsed time: 00:00:01.1    Memory: 207.949 Mbyte 
2026-06-04T20:21:39.011238 x_socket: {"data": {"status": "noop"}, "status": "ok"}
2026-06-04T20:21:39.268246 x_socket: {"data": {"jobId": "12", "type": "solve", "args": {"simdir": "f_2281250000.0", "Fsolve": "2281250000.000000000000000", "iterative_order": "2", "Iovm": "/level5/design.ovm", "Icalc": "/../../Run0001/project.input", "Igeo": "/../../Run0001/geometry.input", "lvldir": "level5"}, "status": "started", "data": [], "workerId": "1", "processed": 0}, "status": "ok"}
PROGRESS 26
PROGRESS 27
PROGRESS 28
PROGRESS 29
PROGRESS 30
PROGRESS 31
PROGRESS 32
PROGRESS 33
PROGRESS 34
PROGRESS 35
PROGRESS 36
PROGRESS 37
PROGRESS 38
PROGRESS 39
PROGRESS 40
PROGRESS 41
PROGRESS 43
PROGRESS 44
PROGRESS 45
PROGRESS 46
PROGRESS 47
PROGRESS 48
PROGRESS 49
PROGRESS 50
PROGRESS 51
PROGRESS 52
PROGRESS 53
PROGRESS 55
PROGRESS 56
PROGRESS 57
PROGRESS 59
PROGRESS 61
PROGRESS 62
PROGRESS 63
PROGRESS 64
PROGRESS 67
PROGRESS 68
PROGRESS 69
PROGRESS 71
PROGRESS 72
PROGRESS 74
PROGRESS 75
PROGRESS 90
PROGRESS 100

11. Frequency: 2.28125 GHz      Unknowns:   35008
    Solver:  Direct threaded 64-bit
    CPU time: 00:00:03.5    Elapsed time: 00:00:01.5    Memory: 207.949 Mbyte 
2026-06-04T20:21:40.539924 x_socket: {"data": {"status": "noop"}, "status": "ok"}
2026-06-04T20:21:40.800579 x_socket: {"data": {"status": "noop"}, "status": "ok"}
2026-06-04T20:21:41.068578 x_socket: {"data": {"status": "noop"}, "status": "ok"}
2026-06-04T20:21:41.335576 x_socket: {"data": {"status": "noop"}, "status": "ok"}
2026-06-04T20:21:41.602576 x_socket: {"data": {"status": "noop"}, "status": "ok"}
2026-06-04T20:21:41.869134 x_socket: {"data": {"status": "noop"}, "status": "ok"}
2026-06-04T20:21:42.137729 x_socket: {"data": {"status": "exit"}, "status": "ok"}
