Momentum MomEngine_64 2021.00.281 (*) built: Jul 13 2020
Copyright  1992 - 2020 Keysight Technologies
Geometry processing started on: Thu Jun  4 17:20:10 2026
Using the minimal snap distance of 0.004 mil
(4 layout resolution points) for layout healing.

--- WARNING -------------------------------------------------------------------

Layout healing changed the layout. The actual
highest aggregate snap distance was 0.001 mil.
Further details have been written to the DRC
report.

-------------------------------------------------------------------------------
Layout simplification started
.........|.........|.........|.........| 
Layout simplification finished
Geometry processing finished on: Thu Jun  4 17:20:11 2026
Starting FEM simulation.
Setting environment for using simulator engine
Setting EMPROHOME to C:\Program Files\Keysight\ADS2021\fem\2021.00\win32_64\bin\
Setting PYTHONHOME to C:\Program Files\Keysight\ADS2021\fem\2021.00\win32_64\bin\tools\win32\python (override using EMPRO_PYTHONHOME)
Setting PYTHONPATH to C:\Program Files\Keysight\ADS2021\fem\2021.00\win32_64\bin\ (override using EMPRO_PYTHONPATH)
License checkout started
License checkout completed
License checkout started
License checkout completed
CONFIGURATION VARIABLES WITH NON-DEFAULT VALUES:
                                        Actual             Default
  
  
FEM engine                : 390.000 2020-08-05
FEM solver                : 1.3.0
AFS                       : 3.1.1
Machine                             : DESKTOP-JSPNOMD
Maximum number of threads           : Automatic
Date                                : Thu Jun  4 17:20:36 2026
Design                              : C:\Users\arthu\OneDrive\Documentos\unb\alta_frequencia\TF_alta_frequencia\simulation\TF_alta_frequencia_lib\quadrature_hybrid_coupler_round\layout\emSetup_FEM\proj.ep\Simulations\000001\emds_dsn\design
FEM Mesher: 2.4.7
    
Automatic initial target mesh size: 1.05e+03 mil
   
 
INITIAL MESH
------------
 
nbPoints     : 746
nbTetrahedra : 3053
  
REFINING
--------
                     |              MESHING                |                           SOLVING
 level    frequency  |  nbTetr  Elapsed time    CPU time   |  nbUnknowns   mem(GB)   Elapsed time    CPU time  Delta(S)             solver  nbIter     normRes            
---------------------|-------------------------------------|--------------------------------------------------------------------------------------------------
     1    3.750 GHz  |    3053    00:00:01.1  00:00:00.8   |       18196     0.112     00:00:02.1  00:00:03.9         /               Dm64                                
     2    3.750 GHz  |    3631    00:00:00.4  00:00:00.3   |       21996     0.130     00:00:03.2  00:00:05.0    0.0770 [-&gt;0.0200]    Dm64                                
     3    3.750 GHz  |    4217    00:00:00.3  00:00:00.3   |       25760     0.152     00:00:03.9  00:00:08.0    0.0700 [-&gt;0.0200]    Dm64                                
     4    3.750 GHz  |    4935    00:00:00.3  00:00:00.3   |       30246     0.173     00:00:03.7  00:00:05.6    0.0350 [-&gt;0.0200]    Dm64                                
     5    3.750 GHz  |    5703    00:00:01.8  00:00:01.4   |       35008     0.199     00:00:03.5  00:00:07.5    0.0242 [-&gt;0.0200]    Dm64                                
     6    3.750 GHz  |    6683    00:00:01.2  00:00:00.8   |       40974     0.229     00:00:06.9  00:00:08.7    0.0197 [-&gt;0.0200]    Dm64                                
 
COMPUTING SOLUTION
------------------
 
sample    frequency  |  nbUnknowns    mem(GB)  Elapsed time     CPU time  solver  nbIter     normRes
---------------------|------------------------------------------------------------------------------
     1    3.750 GHz  |       35008      0.199    00:00:03.5   00:00:07.5   reuse                    
     2  750.000 MHz  |       35008      0.200    00:00:05.5   00:00:08.9    Dm64                    
     3    1.750 GHz  |       35008      0.201    00:00:01.0   00:00:03.0    Dm64                    
     4    2.750 GHz  |       35008      0.202    00:00:00.8   00:00:02.3    Dm64                    
     5    3.250 GHz  |       35008      0.203    00:00:03.2   00:00:05.8    Dm64                    
     6    2.250 GHz  |       35008      0.203    00:00:01.9   00:00:04.3    Dm64                    
     7    1.250 GHz  |       35008      0.203    00:00:03.7   00:00:06.5    Dm64                    
     8    1.000 GHz  |       35008      0.203    00:00:01.4   00:00:02.6    Dm64                    
     9    2.500 GHz  |       35008      0.203    00:00:01.9   00:00:04.3    Dm64                    
    10    2.375 GHz  |       35008      0.203    00:00:02.4   00:00:03.8    Dm64                    
    11    2.312 GHz  |       35008      0.203    00:00:01.1   00:00:02.8    Dm64                    
    12    2.281 GHz  |       35008      0.203    00:00:01.5   00:00:03.5    Dm64                    
------------------------------------------------
DISTRIBUTION SUMMARY:
master 0    on DESKTOP-JSPNOMD 
solver 1    on DESKTOP-JSPNOMD:  #freq:11    
------------------------------------------------
------------------------------------------------
  Total Elapsed Time = 0:01:11
------------------------------------------------
Simulation results can be reused
The simulation results have been saved in dataset "quadrature_hybrid_coupler_round_FEM".
